2026-03-16 16:45:56 [INFO] [Multiverse-NetherPortals-Debug] Player: Charon_VV entered Nether Portal from the South. They will be bounced back!
2026-03-16 16:50:52 [INFO] [Multiverse-NetherPortals-Debug] Player: Charon_VV entered Nether Portal from the South. They will be bounced back!
2026-03-16 17:52:45 [INFO] [Multiverse-NetherPortals-Debug] Got manually linked world 'spawn' for world 'spawn'
2026-03-16 17:52:45 [INFO] [Multiverse-NetherPortals-Debug] Found linked world 'spawn' for world 'spawn'
2026-03-16 18:21:42 [INFO] [Multiverse-NetherPortals-Debug] Got manually linked world 'spawn' for world 'spawn'
2026-03-16 18:21:42 [INFO] [Multiverse-NetherPortals-Debug] Found linked world 'spawn' for world 'spawn'
2026-03-16 18:33:07 [INFO] [Multiverse-NetherPortals] Disabling Multiverse-NetherPortals v5.0.4
2026-03-16 18:33:07 [INFO] [Multiverse-NetherPortals] - Disabled
2026-03-16 18:37:17 [INFO] [Multiverse-NetherPortals] Version 5.0.4 (API v5.0) Enabled - By Rigby, fernferret and benwoo1110
2026-03-16 20:14:36 [INFO] [Multiverse-NetherPortals] Disabling Multiverse-NetherPortals v5.0.4
2026-03-16 20:14:36 [INFO] [Multiverse-NetherPortals] - Disabled
2026-03-16 20:15:38 [INFO] [Multiverse-NetherPortals] Version 5.0.4 (API v5.0) Enabled - By Rigby, fernferret and benwoo1110
2026-03-16 20:17:19 [INFO] [Multiverse-NetherPortals] Disabling Multiverse-NetherPortals v5.0.4
2026-03-16 20:17:19 [INFO] [Multiverse-NetherPortals] - Disabled
2026-03-16 20:18:30 [INFO] [Multiverse-NetherPortals] Version 5.0.4 (API v5.0) Enabled - By Rigby, fernferret and benwoo1110
2026-03-16 20:21:08 [INFO] [Multiverse-NetherPortals] Disabling Multiverse-NetherPortals v5.0.4
2026-03-16 20:21:08 [INFO] [Multiverse-NetherPortals] - Disabled
2026-03-16 20:22:09 [INFO] [Multiverse-NetherPortals] Version 5.0.4 (API v5.0) Enabled - By Rigby, fernferret and benwoo1110
2026-03-16 20:34:03 [INFO] [Multiverse-NetherPortals] Disabling Multiverse-NetherPortals v5.0.4
2026-03-16 20:34:03 [INFO] [Multiverse-NetherPortals] - Disabled
2026-03-16 20:35:22 [INFO] [Multiverse-NetherPortals] Version 5.0.4 (API v5.0) Enabled - By Rigby, fernferret and benwoo1110
2026-03-16 20:49:19 [INFO] [Multiverse-NetherPortals] Disabling Multiverse-NetherPortals v5.0.4
2026-03-16 20:49:19 [INFO] [Multiverse-NetherPortals] - Disabled
2026-03-16 20:50:30 [INFO] [Multiverse-NetherPortals] Version 5.0.4 (API v5.0) Enabled - By Rigby, fernferret and benwoo1110
2026-03-16 22:03:08 [INFO] [Multiverse-NetherPortals-Debug] Got manually linked world 'spawn' for world 'spawn'
2026-03-16 22:03:08 [INFO] [Multiverse-NetherPortals-Debug] Found linked world 'spawn' for world 'spawn'
2026-03-16 22:07:29 [INFO] [Multiverse-NetherPortals-Debug] Got manually linked world 'spawn' for world 'spawn'
2026-03-16 22:07:29 [INFO] [Multiverse-NetherPortals-Debug] Found linked world 'spawn' for world 'spawn'
2026-03-16 23:37:19 [INFO] [Multiverse-NetherPortals-Debug] Got manually linked world 'spawn' for world 'spawn'
2026-03-16 23:37:19 [INFO] [Multiverse-NetherPortals-Debug] Found linked world 'spawn' for world 'spawn'
2026-03-16 23:53:11 [INFO] [Multiverse-NetherPortals-Debug] Got manually linked world 'spawn' for world 'spawn'
2026-03-16 23:53:11 [INFO] [Multiverse-NetherPortals-Debug] Found linked world 'spawn' for world 'spawn'
2026-03-16 23:54:12 [INFO] [Multiverse-NetherPortals-Debug] Got manually linked world 'spawn' for world 'spawn'
2026-03-16 23:54:12 [INFO] [Multiverse-NetherPortals-Debug] Found linked world 'spawn' for world 'spawn'
2026-03-17 00:05:38 [INFO] [Multiverse-NetherPortals] Disabling Multiverse-NetherPortals v5.0.4
2026-03-17 00:05:38 [INFO] [Multiverse-NetherPortals] - Disabled
2026-03-17 00:08:53 [INFO] [Multiverse-NetherPortals] Version 5.0.4 (API v5.0) Enabled - By Rigby, fernferret and benwoo1110
2026-03-17 00:22:30 [INFO] [Multiverse-NetherPortals-Debug] Got manually linked world 'spawn' for world 'spawn'
2026-03-17 00:22:30 [INFO] [Multiverse-NetherPortals-Debug] Found linked world 'spawn' for world 'spawn'
2026-03-17 00:22:40 [INFO] [Multiverse-NetherPortals-Debug] Got manually linked world 'spawn' for world 'spawn'
2026-03-17 00:22:40 [INFO] [Multiverse-NetherPortals-Debug] Found linked world 'spawn' for world 'spawn'
2026-03-17 00:22:48 [INFO] [Multiverse-NetherPortals-Debug] Got manually linked world 'spawn' for world 'spawn'
2026-03-17 00:22:48 [INFO] [Multiverse-NetherPortals-Debug] Found linked world 'spawn' for world 'spawn'
2026-03-17 00:28:51 [INFO] [Multiverse-NetherPortals] Disabling Multiverse-NetherPortals v5.0.4
2026-03-17 00:28:51 [INFO] [Multiverse-NetherPortals] - Disabled
2026-03-17 10:59:19 [INFO] [Multiverse-NetherPortals] Version 5.0.4 (API v5.0) Enabled - By Rigby, fernferret and benwoo1110
2026-03-17 11:23:51 [INFO] [Multiverse-NetherPortals] Disabling Multiverse-NetherPortals v5.0.4
2026-03-17 11:23:51 [INFO] [Multiverse-NetherPortals] - Disabled
2026-03-17 15:47:57 [INFO] [Multiverse-NetherPortals] Version 5.0.4 (API v5.0) Enabled - By Rigby, fernferret and benwoo1110
2026-03-17 16:42:03 [INFO] [Multiverse-NetherPortals-Debug] Got manually linked world 'spawn' for world 'spawn'
2026-03-17 16:42:03 [INFO] [Multiverse-NetherPortals-Debug] Found linked world 'spawn' for world 'spawn'
2026-03-17 17:17:23 [INFO] [Multiverse-NetherPortals] Disabling Multiverse-NetherPortals v5.0.4
2026-03-17 17:17:23 [INFO] [Multiverse-NetherPortals] - Disabled
2026-03-17 17:19:01 [INFO] [Multiverse-NetherPortals] Version 5.0.4 (API v5.0) Enabled - By Rigby, fernferret and benwoo1110
2026-03-17 18:27:15 [INFO] [Multiverse-NetherPortals] Disabling Multiverse-NetherPortals v5.0.4
2026-03-17 18:27:15 [INFO] [Multiverse-NetherPortals] - Disabled
2026-03-17 18:28:21 [INFO] [Multiverse-NetherPortals] Version 5.0.4 (API v5.0) Enabled - By Rigby, fernferret and benwoo1110
2026-03-17 18:38:34 [INFO] [Multiverse-NetherPortals] Disabling Multiverse-NetherPortals v5.0.4
2026-03-17 18:38:34 [INFO] [Multiverse-NetherPortals] - Disabled
2026-03-17 18:39:36 [INFO] [Multiverse-NetherPortals] Version 5.0.4 (API v5.0) Enabled - By Rigby, fernferret and benwoo1110
2026-03-17 18:46:26 [INFO] [Multiverse-NetherPortals] Disabling Multiverse-NetherPortals v5.0.4
2026-03-17 18:46:26 [INFO] [Multiverse-NetherPortals] - Disabled
2026-03-17 18:47:35 [INFO] [Multiverse-NetherPortals] Version 5.0.4 (API v5.0) Enabled - By Rigby, fernferret and benwoo1110
2026-03-17 21:37:17 [INFO] [Multiverse-NetherPortals] Disabling Multiverse-NetherPortals v5.0.4
2026-03-17 21:37:17 [INFO] [Multiverse-NetherPortals] - Disabled
2026-03-18 11:04:12 [INFO] [Multiverse-NetherPortals] Version 5.0.4 (API v5.0) Enabled - By Rigby, fernferret and benwoo1110
2026-03-18 12:00:20 [INFO] [Multiverse-NetherPortals] Disabling Multiverse-NetherPortals v5.0.4
2026-03-18 12:00:21 [INFO] [Multiverse-NetherPortals] - Disabled
2026-03-18 12:01:27 [INFO] [Multiverse-NetherPortals] Version 5.0.4 (API v5.0) Enabled - By Rigby, fernferret and benwoo1110
2026-03-18 12:02:31 [INFO] [Multiverse-NetherPortals] Disabling Multiverse-NetherPortals v5.0.4
2026-03-18 12:02:31 [INFO] [Multiverse-NetherPortals] - Disabled
2026-03-18 12:16:23 [INFO] [Multiverse-NetherPortals] Version 5.0.4 (API v5.0) Enabled - By Rigby, fernferret and benwoo1110
2026-03-18 12:19:25 [INFO] [Multiverse-NetherPortals] Disabling Multiverse-NetherPortals v5.0.4
2026-03-18 12:19:25 [INFO] [Multiverse-NetherPortals] - Disabled
2026-03-18 12:20:26 [INFO] [Multiverse-NetherPortals] Version 5.0.4 (API v5.0) Enabled - By Rigby, fernferret and benwoo1110
2026-03-18 12:43:46 [INFO] [Multiverse-NetherPortals] Disabling Multiverse-NetherPortals v5.0.4
2026-03-18 12:43:46 [INFO] [Multiverse-NetherPortals] - Disabled
2026-03-18 12:45:15 [INFO] [Multiverse-NetherPortals] Version 5.0.4 (API v5.0) Enabled - By Rigby, fernferret and benwoo1110
2026-03-18 12:49:20 [INFO] [Multiverse-NetherPortals] Disabling Multiverse-NetherPortals v5.0.4
2026-03-18 12:49:20 [INFO] [Multiverse-NetherPortals] - Disabled
2026-03-18 12:50:23 [INFO] [Multiverse-NetherPortals] Version 5.0.4 (API v5.0) Enabled - By Rigby, fernferret and benwoo1110
2026-03-18 14:52:21 [INFO] [Multiverse-NetherPortals] Disabling Multiverse-NetherPortals v5.0.4
2026-03-18 14:52:21 [INFO] [Multiverse-NetherPortals] - Disabled
2026-03-18 15:43:21 [INFO] [Multiverse-NetherPortals] Version 5.0.4 (API v5.0) Enabled - By Rigby, fernferret and benwoo1110
2026-03-18 16:04:57 [INFO] [Multiverse-NetherPortals] Disabling Multiverse-NetherPortals v5.0.4
2026-03-18 16:04:57 [INFO] [Multiverse-NetherPortals] - Disabled
2026-03-18 16:06:15 [INFO] [Multiverse-NetherPortals] Version 5.0.4 (API v5.0) Enabled - By Rigby, fernferret and benwoo1110
2026-03-18 16:09:15 [INFO] [Multiverse-NetherPortals] Disabling Multiverse-NetherPortals v5.0.4
2026-03-18 16:09:15 [INFO] [Multiverse-NetherPortals] - Disabled
2026-03-18 16:13:15 [INFO] [Multiverse-NetherPortals] Version 5.0.4 (API v5.0) Enabled - By Rigby, fernferret and benwoo1110
2026-03-18 17:48:16 [INFO] [Multiverse-NetherPortals-Debug] Got manually linked world 'spawn' for world 'spawn'
2026-03-18 17:48:16 [INFO] [Multiverse-NetherPortals-Debug] Found linked world 'spawn' for world 'spawn'
2026-03-18 17:52:32 [INFO] [Multiverse-NetherPortals-Debug] Got manually linked world 'spawn' for world 'spawn'
2026-03-18 17:52:32 [INFO] [Multiverse-NetherPortals-Debug] Found linked world 'spawn' for world 'spawn'
2026-03-18 17:52:34 [INFO] [Multiverse-NetherPortals-Debug] Got manually linked world 'spawn' for world 'spawn'
2026-03-18 17:52:34 [INFO] [Multiverse-NetherPortals-Debug] Found linked world 'spawn' for world 'spawn'
2026-03-18 17:52:36 [INFO] [Multiverse-NetherPortals-Debug] Got manually linked world 'spawn' for world 'spawn'
2026-03-18 17:52:36 [INFO] [Multiverse-NetherPortals-Debug] Found linked world 'spawn' for world 'spawn'
2026-03-18 17:52:38 [INFO] [Multiverse-NetherPortals-Debug] Got manually linked world 'spawn' for world 'spawn'
2026-03-18 17:52:38 [INFO] [Multiverse-NetherPortals-Debug] Found linked world 'spawn' for world 'spawn'
2026-03-18 17:53:57 [INFO] [Multiverse-NetherPortals-Debug] Got manually linked world 'spawn' for world 'spawn'
2026-03-18 17:53:57 [INFO] [Multiverse-NetherPortals-Debug] Found linked world 'spawn' for world 'spawn'
2026-03-18 18:08:55 [INFO] [Multiverse-NetherPortals-Debug] Got manually linked world 'spawn' for world 'spawn'
2026-03-18 18:08:55 [INFO] [Multiverse-NetherPortals-Debug] Found linked world 'spawn' for world 'spawn'
2026-03-18 18:47:40 [INFO] [Multiverse-NetherPortals] Disabling Multiverse-NetherPortals v5.0.4
2026-03-18 18:47:40 [INFO] [Multiverse-NetherPortals] - Disabled
2026-03-18 18:49:39 [INFO] [Multiverse-NetherPortals] Version 5.0.4 (API v5.0) Enabled - By Rigby, fernferret and benwoo1110
2026-03-18 18:53:37 [INFO] [Multiverse-NetherPortals] Disabling Multiverse-NetherPortals v5.0.4
2026-03-18 18:53:37 [INFO] [Multiverse-NetherPortals] - Disabled
2026-03-18 18:54:39 [INFO] [Multiverse-NetherPortals] Version 5.0.4 (API v5.0) Enabled - By Rigby, fernferret and benwoo1110
2026-03-18 23:59:06 [INFO] [Multiverse-NetherPortals-Debug] Got manually linked world 'spawn' for world 'spawn'
2026-03-18 23:59:06 [INFO] [Multiverse-NetherPortals-Debug] Found linked world 'spawn' for world 'spawn'
2026-03-18 23:59:21 [INFO] [Multiverse-NetherPortals-Debug] Got manually linked world 'spawn' for world 'spawn'
2026-03-18 23:59:21 [INFO] [Multiverse-NetherPortals-Debug] Found linked world 'spawn' for world 'spawn'
2026-03-19 00:00:18 [INFO] [Multiverse-NetherPortals] Disabling Multiverse-NetherPortals v5.0.4
2026-03-19 00:00:18 [INFO] [Multiverse-NetherPortals] - Disabled
2026-03-19 00:01:30 [INFO] [Multiverse-NetherPortals] Version 5.0.4 (API v5.0) Enabled - By Rigby, fernferret and benwoo1110
2026-03-19 15:26:57 [INFO] [Multiverse-NetherPortals] Version 5.0.4 (API v5.0) Enabled - By Rigby, fernferret and benwoo1110
2026-03-19 15:46:12 [INFO] [Multiverse-NetherPortals] Disabling Multiverse-NetherPortals v5.0.4
2026-03-19 15:46:12 [INFO] [Multiverse-NetherPortals] - Disabled
2026-03-19 16:01:27 [INFO] [Multiverse-NetherPortals] Version 5.0.4 (API v5.0) Enabled - By Rigby, fernferret and benwoo1110
2026-03-19 18:26:22 [INFO] [Multiverse-NetherPortals] Disabling Multiverse-NetherPortals v5.0.4
2026-03-19 18:26:22 [INFO] [Multiverse-NetherPortals] - Disabled
2026-03-19 20:14:25 [INFO] [Multiverse-NetherPortals] Version 5.0.4 (API v5.0) Enabled - By Rigby, fernferret and benwoo1110
2026-03-19 20:15:16 [INFO] [Multiverse-NetherPortals] Disabling Multiverse-NetherPortals v5.0.4
2026-03-19 20:15:16 [INFO] [Multiverse-NetherPortals] - Disabled
2026-03-20 13:14:22 [INFO] [Multiverse-NetherPortals] Version 5.0.4 (API v5.0) Enabled - By Rigby, fernferret and benwoo1110
2026-03-20 13:19:15 [INFO] [Multiverse-NetherPortals] Disabling Multiverse-NetherPortals v5.0.4
2026-03-20 13:19:15 [INFO] [Multiverse-NetherPortals] - Disabled
2026-03-20 13:20:22 [INFO] [Multiverse-NetherPortals] Version 5.0.4 (API v5.0) Enabled - By Rigby, fernferret and benwoo1110
2026-03-20 15:11:58 [INFO] [Multiverse-NetherPortals-Debug] Got manually linked world 'spawn' for world 'spawn'
2026-03-20 15:11:58 [INFO] [Multiverse-NetherPortals-Debug] Found linked world 'spawn' for world 'spawn'
2026-03-20 19:57:08 [INFO] [Multiverse-NetherPortals] Disabling Multiverse-NetherPortals v5.0.4
2026-03-20 19:57:08 [INFO] [Multiverse-NetherPortals] - Disabled
2026-03-20 19:58:06 [INFO] [Multiverse-NetherPortals] Version 5.0.4 (API v5.0) Enabled - By Rigby, fernferret and benwoo1110
2026-03-20 20:06:34 [INFO] [Multiverse-NetherPortals] Disabling Multiverse-NetherPortals v5.0.4
2026-03-20 20:06:34 [INFO] [Multiverse-NetherPortals] - Disabled
2026-03-20 20:07:53 [INFO] [Multiverse-NetherPortals] Version 5.0.4 (API v5.0) Enabled - By Rigby, fernferret and benwoo1110
2026-03-20 20:30:32 [INFO] [Multiverse-NetherPortals-Debug] Got manually linked world 'spawn' for world 'spawn'
2026-03-20 20:30:32 [INFO] [Multiverse-NetherPortals-Debug] Found linked world 'spawn' for world 'spawn'
2026-03-20 20:36:47 [INFO] [Multiverse-NetherPortals] Disabling Multiverse-NetherPortals v5.0.4
2026-03-20 20:36:47 [INFO] [Multiverse-NetherPortals] - Disabled
2026-03-20 20:37:34 [INFO] [Multiverse-NetherPortals] Version 5.0.4 (API v5.0) Enabled - By Rigby, fernferret and benwoo1110
2026-03-20 22:58:01 [INFO] [Multiverse-NetherPortals] Version 5.0.4 (API v5.0) Enabled - By Rigby, fernferret and benwoo1110
2026-03-20 22:58:29 [INFO] [Multiverse-NetherPortals] Disabling Multiverse-NetherPortals v5.0.4
2026-03-20 22:58:29 [INFO] [Multiverse-NetherPortals] - Disabled
2026-03-20 23:48:39 [INFO] [Multiverse-NetherPortals] Version 5.0.4 (API v5.0) Enabled - By Rigby, fernferret and benwoo1110
2026-03-20 23:59:56 [INFO] [Multiverse-NetherPortals] Disabling Multiverse-NetherPortals v5.0.4
2026-03-20 23:59:56 [INFO] [Multiverse-NetherPortals] - Disabled
2026-03-21 13:14:14 [INFO] [Multiverse-NetherPortals] Version 5.0.4 (API v5.0) Enabled - By Rigby, fernferret and benwoo1110
2026-03-21 15:42:11 [INFO] [Multiverse-NetherPortals] Disabling Multiverse-NetherPortals v5.0.4
2026-03-21 15:42:11 [INFO] [Multiverse-NetherPortals] - Disabled
2026-03-21 18:21:17 [INFO] [Multiverse-NetherPortals] Version 5.0.4 (API v5.0) Enabled - By Rigby, fernferret and benwoo1110
2026-03-21 18:22:18 [INFO] [Multiverse-NetherPortals] Disabling Multiverse-NetherPortals v5.0.4
2026-03-21 18:22:18 [INFO] [Multiverse-NetherPortals] - Disabled
2026-03-21 18:23:06 [INFO] [Multiverse-NetherPortals] Version 5.0.4 (API v5.0) Enabled - By Rigby, fernferret and benwoo1110
2026-03-21 18:28:40 [INFO] [Multiverse-NetherPortals] Disabling Multiverse-NetherPortals v5.0.4
2026-03-21 18:28:40 [INFO] [Multiverse-NetherPortals] - Disabled
2026-03-21 18:29:29 [INFO] [Multiverse-NetherPortals] Version 5.0.4 (API v5.0) Enabled - By Rigby, fernferret and benwoo1110
2026-03-21 18:42:56 [INFO] [Multiverse-NetherPortals] Disabling Multiverse-NetherPortals v5.0.4
2026-03-21 18:42:56 [INFO] [Multiverse-NetherPortals] - Disabled
2026-03-21 18:44:42 [INFO] [Multiverse-NetherPortals] Version 5.0.4 (API v5.0) Enabled - By Rigby, fernferret and benwoo1110
2026-03-21 18:47:19 [INFO] [Multiverse-NetherPortals] Disabling Multiverse-NetherPortals v5.0.4
2026-03-21 18:47:19 [INFO] [Multiverse-NetherPortals] - Disabled
2026-03-21 18:48:33 [INFO] [Multiverse-NetherPortals] Version 5.0.4 (API v5.0) Enabled - By Rigby, fernferret and benwoo1110
2026-03-21 18:57:58 [INFO] [Multiverse-NetherPortals] Disabling Multiverse-NetherPortals v5.0.4
2026-03-21 18:57:58 [INFO] [Multiverse-NetherPortals] - Disabled
2026-03-21 18:59:21 [INFO] [Multiverse-NetherPortals] Version 5.0.4 (API v5.0) Enabled - By Rigby, fernferret and benwoo1110
2026-03-21 19:03:09 [INFO] [Multiverse-NetherPortals] Disabling Multiverse-NetherPortals v5.0.4
2026-03-21 19:03:09 [INFO] [Multiverse-NetherPortals] - Disabled
2026-03-21 19:03:58 [INFO] [Multiverse-NetherPortals] Version 5.0.4 (API v5.0) Enabled - By Rigby, fernferret and benwoo1110
2026-03-21 19:05:04 [INFO] [Multiverse-NetherPortals] Disabling Multiverse-NetherPortals v5.0.4
2026-03-21 19:05:04 [INFO] [Multiverse-NetherPortals] - Disabled
2026-03-21 19:06:23 [INFO] [Multiverse-NetherPortals] Version 5.0.4 (API v5.0) Enabled - By Rigby, fernferret and benwoo1110
2026-03-21 19:06:42 [INFO] [Multiverse-NetherPortals] Disabling Multiverse-NetherPortals v5.0.4
2026-03-21 19:06:42 [INFO] [Multiverse-NetherPortals] - Disabled
2026-03-21 19:07:57 [INFO] [Multiverse-NetherPortals] Version 5.0.4 (API v5.0) Enabled - By Rigby, fernferret and benwoo1110
2026-03-21 19:31:44 [INFO] [Multiverse-NetherPortals] Disabling Multiverse-NetherPortals v5.0.4
2026-03-21 19:31:44 [INFO] [Multiverse-NetherPortals] - Disabled
2026-03-21 19:32:51 [INFO] [Multiverse-NetherPortals] Version 5.0.4 (API v5.0) Enabled - By Rigby, fernferret and benwoo1110
2026-03-21 19:48:28 [INFO] [Multiverse-NetherPortals] Disabling Multiverse-NetherPortals v5.0.4
2026-03-21 19:48:28 [INFO] [Multiverse-NetherPortals] - Disabled
2026-03-21 19:49:31 [INFO] [Multiverse-NetherPortals] Version 5.0.4 (API v5.0) Enabled - By Rigby, fernferret and benwoo1110
2026-03-21 20:27:56 [INFO] [Multiverse-NetherPortals] Disabling Multiverse-NetherPortals v5.0.4
2026-03-21 20:27:56 [INFO] [Multiverse-NetherPortals] - Disabled
2026-03-21 20:28:42 [INFO] [Multiverse-NetherPortals] Version 5.0.4 (API v5.0) Enabled - By Rigby, fernferret and benwoo1110
2026-03-21 20:29:24 [INFO] [Multiverse-NetherPortals] Disabling Multiverse-NetherPortals v5.0.4
2026-03-21 20:29:24 [INFO] [Multiverse-NetherPortals] - Disabled
2026-03-21 20:30:25 [INFO] [Multiverse-NetherPortals] Version 5.0.4 (API v5.0) Enabled - By Rigby, fernferret and benwoo1110
2026-03-22 00:02:22 [INFO] [Multiverse-NetherPortals] Disabling Multiverse-NetherPortals v5.0.4
2026-03-22 00:02:22 [INFO] [Multiverse-NetherPortals] - Disabled
2026-03-22 00:03:37 [INFO] [Multiverse-NetherPortals] Version 5.0.4 (API v5.0) Enabled - By Rigby, fernferret and benwoo1110
2026-03-22 00:06:36 [INFO] [Multiverse-NetherPortals] Disabling Multiverse-NetherPortals v5.0.4
2026-03-22 00:06:36 [INFO] [Multiverse-NetherPortals] - Disabled
2026-03-22 00:07:22 [INFO] [Multiverse-NetherPortals] Version 5.0.4 (API v5.0) Enabled - By Rigby, fernferret and benwoo1110
2026-03-22 01:05:10 [INFO] [Multiverse-NetherPortals] Disabling Multiverse-NetherPortals v5.0.4
2026-03-22 01:05:10 [INFO] [Multiverse-NetherPortals] - Disabled
2026-03-22 01:06:01 [INFO] [Multiverse-NetherPortals] Version 5.0.4 (API v5.0) Enabled - By Rigby, fernferret and benwoo1110
2026-03-22 10:46:52 [INFO] [Multiverse-NetherPortals] Version 5.0.4 (API v5.0) Enabled - By Rigby, fernferret and benwoo1110
2026-03-22 10:59:12 [INFO] [Multiverse-NetherPortals] Disabling Multiverse-NetherPortals v5.0.4
2026-03-22 10:59:12 [INFO] [Multiverse-NetherPortals] - Disabled
2026-03-22 11:00:18 [INFO] [Multiverse-NetherPortals] Version 5.0.4 (API v5.0) Enabled - By Rigby, fernferret and benwoo1110
2026-03-22 11:00:50 [INFO] [Multiverse-NetherPortals] Disabling Multiverse-NetherPortals v5.0.4
2026-03-22 11:00:50 [INFO] [Multiverse-NetherPortals] - Disabled
2026-03-22 12:04:06 [INFO] [Multiverse-NetherPortals] Version 5.0.4 (API v5.0) Enabled - By Rigby, fernferret and benwoo1110
2026-03-22 12:17:33 [INFO] [Multiverse-NetherPortals] Disabling Multiverse-NetherPortals v5.0.4
2026-03-22 12:17:33 [INFO] [Multiverse-NetherPortals] - Disabled
2026-03-22 12:19:42 [INFO] [Multiverse-NetherPortals] Version 5.0.4 (API v5.0) Enabled - By Rigby, fernferret and benwoo1110
2026-03-22 12:26:54 [INFO] [Multiverse-NetherPortals] Disabling Multiverse-NetherPortals v5.0.4
2026-03-22 12:26:54 [INFO] [Multiverse-NetherPortals] - Disabled
2026-03-22 12:30:08 [INFO] [Multiverse-NetherPortals] Version 5.0.4 (API v5.0) Enabled - By Rigby, fernferret and benwoo1110
2026-03-22 12:32:57 [INFO] [Multiverse-NetherPortals] Disabling Multiverse-NetherPortals v5.0.4
2026-03-22 12:32:57 [INFO] [Multiverse-NetherPortals] - Disabled
2026-03-22 12:33:54 [INFO] [Multiverse-NetherPortals] Version 5.0.4 (API v5.0) Enabled - By Rigby, fernferret and benwoo1110
2026-03-22 12:35:56 [INFO] [Multiverse-NetherPortals] Disabling Multiverse-NetherPortals v5.0.4
2026-03-22 12:35:56 [INFO] [Multiverse-NetherPortals] - Disabled
2026-03-22 12:36:58 [INFO] [Multiverse-NetherPortals] Version 5.0.4 (API v5.0) Enabled - By Rigby, fernferret and benwoo1110
2026-03-22 12:42:13 [INFO] [Multiverse-NetherPortals] Disabling Multiverse-NetherPortals v5.0.4
2026-03-22 12:42:13 [INFO] [Multiverse-NetherPortals] - Disabled
2026-03-22 12:43:09 [INFO] [Multiverse-NetherPortals] Version 5.0.4 (API v5.0) Enabled - By Rigby, fernferret and benwoo1110
2026-03-22 13:03:38 [INFO] [Multiverse-NetherPortals-Debug] Got manually linked world 'spawn' for world 'spawn'
2026-03-22 13:03:38 [INFO] [Multiverse-NetherPortals-Debug] Found linked world 'spawn' for world 'spawn'
2026-03-22 13:27:02 [INFO] [Multiverse-NetherPortals] Disabling Multiverse-NetherPortals v5.0.4
2026-03-22 13:27:02 [INFO] [Multiverse-NetherPortals] - Disabled
2026-03-22 13:28:10 [INFO] [Multiverse-NetherPortals] Version 5.0.4 (API v5.0) Enabled - By Rigby, fernferret and benwoo1110
2026-03-22 13:33:07 [INFO] [Multiverse-NetherPortals] Disabling Multiverse-NetherPortals v5.0.4
2026-03-22 13:33:07 [INFO] [Multiverse-NetherPortals] - Disabled
2026-03-22 13:34:05 [INFO] [Multiverse-NetherPortals] Version 5.0.4 (API v5.0) Enabled - By Rigby, fernferret and benwoo1110
2026-03-22 13:36:46 [INFO] [Multiverse-NetherPortals] Disabling Multiverse-NetherPortals v5.0.4
2026-03-22 13:36:46 [INFO] [Multiverse-NetherPortals] - Disabled
2026-03-22 13:37:52 [INFO] [Multiverse-NetherPortals] Version 5.0.4 (API v5.0) Enabled - By Rigby, fernferret and benwoo1110
2026-03-22 13:42:27 [INFO] [Multiverse-NetherPortals] Version 5.0.4 (API v5.0) Enabled - By Rigby, fernferret and benwoo1110
2026-03-22 16:44:04 [INFO] [Multiverse-NetherPortals] Version 5.0.4 (API v5.0) Enabled - By Rigby, fernferret and benwoo1110
2026-03-22 22:49:18 [INFO] [Multiverse-NetherPortals] Version 5.0.4 (API v5.0) Enabled - By Rigby, fernferret and benwoo1110
2026-03-23 00:00:22 [INFO] [Multiverse-NetherPortals] Disabling Multiverse-NetherPortals v5.0.4
2026-03-23 00:00:22 [INFO] [Multiverse-NetherPortals] - Disabled
2026-03-23 00:01:19 [INFO] [Multiverse-NetherPortals] Version 5.0.4 (API v5.0) Enabled - By Rigby, fernferret and benwoo1110
2026-03-23 01:59:29 [INFO] [Multiverse-NetherPortals] Disabling Multiverse-NetherPortals v5.0.4
2026-03-23 01:59:29 [INFO] [Multiverse-NetherPortals] - Disabled
2026-03-23 02:00:20 [INFO] [Multiverse-NetherPortals] Version 5.0.4 (API v5.0) Enabled - By Rigby, fernferret and benwoo1110
2026-03-23 10:21:24 [INFO] [Multiverse-NetherPortals] Version 5.0.4 (API v5.0) Enabled - By Rigby, fernferret and benwoo1110
2026-03-23 10:48:40 [INFO] [Multiverse-NetherPortals] Disabling Multiverse-NetherPortals v5.0.4
2026-03-23 10:48:40 [INFO] [Multiverse-NetherPortals] - Disabled
2026-03-23 10:49:37 [INFO] [Multiverse-NetherPortals] Version 5.0.4 (API v5.0) Enabled - By Rigby, fernferret and benwoo1110
2026-03-23 10:54:48 [INFO] [Multiverse-NetherPortals] Disabling Multiverse-NetherPortals v5.0.4
2026-03-23 10:54:48 [INFO] [Multiverse-NetherPortals] - Disabled
2026-03-23 10:55:34 [INFO] [Multiverse-NetherPortals] Version 5.0.4 (API v5.0) Enabled - By Rigby, fernferret and benwoo1110
2026-03-23 11:02:04 [INFO] [Multiverse-NetherPortals] Disabling Multiverse-NetherPortals v5.0.4
2026-03-23 11:02:04 [INFO] [Multiverse-NetherPortals] - Disabled
2026-03-23 11:04:49 [INFO] [Multiverse-NetherPortals] Version 5.0.4 (API v5.0) Enabled - By Rigby, fernferret and benwoo1110
2026-03-23 11:07:52 [INFO] [Multiverse-NetherPortals] Disabling Multiverse-NetherPortals v5.0.4
2026-03-23 11:07:52 [INFO] [Multiverse-NetherPortals] - Disabled
2026-03-23 11:08:47 [INFO] [Multiverse-NetherPortals] Version 5.0.4 (API v5.0) Enabled - By Rigby, fernferret and benwoo1110
2026-03-23 11:17:02 [INFO] [Multiverse-NetherPortals-Debug] Got manually linked world 'spawn' for world 'spawn'
2026-03-23 11:17:02 [INFO] [Multiverse-NetherPortals-Debug] Found linked world 'spawn' for world 'spawn'
2026-03-23 15:39:05 [INFO] [Multiverse-NetherPortals] Disabling Multiverse-NetherPortals v5.0.4
2026-03-23 15:39:05 [INFO] [Multiverse-NetherPortals] - Disabled
