[16/03/2026 12:20:53] [coins] Charon_VV gave 10⛂ to Charon_VV. New balance: 10⛂
[16/03/2026 13:18:01] [afkshard] Charon_VV gave AFK Shard 500 to Charon_VV. New balance: AFK Shard 500
[16/03/2026 14:11:17] [afkshard] Charon_VV gave ✨ 10 to Charon_VV. New balance: ✨ 10
[16/03/2026 14:11:19] [afkshard] Charon_VV gave ✨ 100 to Charon_VV. New balance: ✨ 110
[16/03/2026 14:57:49] [coins] Charon_VV gave 500 ⛁ to Charon_VV. New balance: 510 ⛁
[16/03/2026 15:21:40] [coins] Charon_VV reset Charon_VV's balance of Coin to 100 ⛁.
[16/03/2026 15:22:02] [coins] Charon_VV set Charon_VV's balance to 1,000 ⛁. New balance: 1,000 ⛁
[16/03/2026 15:27:20] [coins] CONSOLE took 100 ⛁ from Charon_VV's balance. New balance: 900 ⛁
[16/03/2026 15:39:19] [afkshard] CONSOLE took ✨ 4 from Charon_VV's balance. New balance: ✨ 106
[16/03/2026 15:40:31] [afkshard] CONSOLE took ✨ 4 from Charon_VV's balance. New balance: ✨ 102
[16/03/2026 15:52:39] [afkshard] CONSOLE took ✨ 7 from Charon_VV's balance. New balance: ✨ 95
[16/03/2026 15:52:40] [afkshard] CONSOLE took ✨ 4 from Charon_VV's balance. New balance: ✨ 91
[16/03/2026 15:55:17] [afkshard] CONSOLE took ✨ 4 from Charon_VV's balance. New balance: ✨ 87
[16/03/2026 15:56:16] [afkshard] CONSOLE took ✨ 4 from Charon_VV's balance. New balance: ✨ 83
[16/03/2026 15:59:51] [afkshard] CONSOLE took ✨ 25 from Charon_VV's balance. New balance: ✨ 58
[16/03/2026 16:00:10] [afkshard] CONSOLE took ✨ 25 from Charon_VV's balance. New balance: ✨ 33
[16/03/2026 16:12:58] [afkshard] CONSOLE took ✨ 30 from Charon_VV's balance. New balance: ✨ 3
[16/03/2026 16:13:12] [afkshard] Charon_VV gave ✨ 50,000 to Charon_VV. New balance: ✨ 50,003
[16/03/2026 16:20:42] [afkshard] CONSOLE gave ✨ 1 to Charon_VV. New balance: ✨ 50,004
[16/03/2026 16:20:45] [afkshard] CONSOLE gave ✨ 1 to Charon_VV. New balance: ✨ 50,005
[16/03/2026 16:20:48] [afkshard] CONSOLE gave ✨ 1 to Charon_VV. New balance: ✨ 50,006
[16/03/2026 16:20:51] [afkshard] CONSOLE gave ✨ 1 to Charon_VV. New balance: ✨ 50,007
[16/03/2026 16:20:54] [afkshard] CONSOLE gave ✨ 1 to Charon_VV. New balance: ✨ 50,008
[16/03/2026 16:20:57] [afkshard] CONSOLE gave ✨ 1 to Charon_VV. New balance: ✨ 50,009
[16/03/2026 16:21:03] [afkshard] CONSOLE gave ✨ 1 to Charon_VV. New balance: ✨ 50,010
[16/03/2026 23:38:15] [afkshard] CONSOLE gave 1 to Charon_VV. New balance: 50,011
[16/03/2026 23:38:22] [afkshard] CONSOLE gave 1 to Server_dead. New balance: 1
[17/03/2026 00:00:02] [coins] CONSOLE took 100 from Charon_VV's balance. New balance: 800
[17/03/2026 00:23:48] [afkshard] CONSOLE gave 1 to Charon_VV. New balance: 50,012
[17/03/2026 00:24:02] [afkshard] CONSOLE gave 1 to Server_dead. New balance: 2
[17/03/2026 00:24:48] [afkshard] CONSOLE gave 1 to Charon_VV. New balance: 50,013
[17/03/2026 00:25:02] [afkshard] CONSOLE gave 1 to Server_dead. New balance: 3
[18/03/2026 13:41:35] [coins] Charon_VV gave 10 to Charon_VV. New balance: 810
[18/03/2026 16:14:15] [coins] CONSOLE gave 40 to Charon_VV. New balance: 850
[18/03/2026 16:14:16] [coins] CONSOLE gave 40 to Charon_VV. New balance: 890
[18/03/2026 16:14:16] [coins] CONSOLE gave 40 to Charon_VV. New balance: 930
[18/03/2026 16:14:17] [coins] CONSOLE gave 10 to Charon_VV. New balance: 940
[18/03/2026 16:14:20] [coins] CONSOLE gave 40 to Charon_VV. New balance: 980
[18/03/2026 16:14:20] [coins] CONSOLE gave 10 to Charon_VV. New balance: 990
[18/03/2026 16:14:23] [coins] CONSOLE gave 10 to Charon_VV. New balance: 1,000
[18/03/2026 16:15:00] [coins] CONSOLE gave 10 to Charon_VV. New balance: 1,010
[18/03/2026 16:15:03] [coins] CONSOLE gave 40 to Charon_VV. New balance: 1,050
[18/03/2026 16:15:07] [coins] CONSOLE gave 10 to Charon_VV. New balance: 1,060
[18/03/2026 23:08:03] [afkshard] CONSOLE gave 1 to Charon_VV. New balance: 50,014
[19/03/2026 17:44:22] [coins] CONSOLE took 100 from fireacemaster's balance. New balance: 0
[19/03/2026 17:44:25] [coins] CONSOLE took 100 from fireacemaster's balance. New balance: 0
[19/03/2026 17:44:25] [coins] CONSOLE took 100 from fireacemaster's balance. New balance: 0
[19/03/2026 17:44:25] [coins] CONSOLE took 100 from fireacemaster's balance. New balance: 0
[19/03/2026 17:44:26] [coins] CONSOLE took 100 from fireacemaster's balance. New balance: 0
[19/03/2026 17:44:26] [coins] CONSOLE took 100 from fireacemaster's balance. New balance: 0
[19/03/2026 17:44:26] [coins] CONSOLE took 100 from fireacemaster's balance. New balance: 0
[19/03/2026 17:44:26] [coins] CONSOLE took 100 from fireacemaster's balance. New balance: 0
[19/03/2026 17:44:27] [coins] CONSOLE took 100 from fireacemaster's balance. New balance: 0
[19/03/2026 17:44:28] [coins] CONSOLE took 100 from fireacemaster's balance. New balance: 0
[19/03/2026 17:44:34] [coins] CONSOLE took 100 from fireacemaster's balance. New balance: 0
[19/03/2026 17:44:34] [coins] CONSOLE took 100 from fireacemaster's balance. New balance: 0
[19/03/2026 17:44:34] [coins] CONSOLE took 100 from fireacemaster's balance. New balance: 0
[19/03/2026 17:44:34] [coins] CONSOLE took 100 from fireacemaster's balance. New balance: 0
[19/03/2026 17:44:35] [coins] CONSOLE took 100 from fireacemaster's balance. New balance: 0
[19/03/2026 17:44:35] [coins] CONSOLE took 100 from fireacemaster's balance. New balance: 0
[19/03/2026 17:44:35] [coins] CONSOLE took 100 from fireacemaster's balance. New balance: 0
[19/03/2026 17:44:35] [coins] CONSOLE took 100 from fireacemaster's balance. New balance: 0
[19/03/2026 17:44:35] [coins] CONSOLE took 100 from fireacemaster's balance. New balance: 0
[19/03/2026 17:44:36] [coins] CONSOLE took 100 from fireacemaster's balance. New balance: 0
[19/03/2026 17:44:36] [coins] CONSOLE took 100 from fireacemaster's balance. New balance: 0
[19/03/2026 17:44:36] [coins] CONSOLE took 100 from fireacemaster's balance. New balance: 0
[19/03/2026 17:44:36] [coins] CONSOLE took 100 from fireacemaster's balance. New balance: 0
[19/03/2026 17:44:36] [coins] CONSOLE took 100 from fireacemaster's balance. New balance: 0
[19/03/2026 17:44:37] [coins] CONSOLE took 100 from fireacemaster's balance. New balance: 0
[19/03/2026 17:44:37] [coins] CONSOLE took 100 from fireacemaster's balance. New balance: 0
[19/03/2026 17:44:37] [coins] CONSOLE took 100 from fireacemaster's balance. New balance: 0
[19/03/2026 17:44:37] [coins] CONSOLE took 100 from fireacemaster's balance. New balance: 0
[19/03/2026 17:44:38] [coins] CONSOLE took 100 from fireacemaster's balance. New balance: 0
[19/03/2026 17:44:38] [coins] CONSOLE took 100 from fireacemaster's balance. New balance: 0
[19/03/2026 17:44:38] [coins] CONSOLE took 100 from fireacemaster's balance. New balance: 0
[19/03/2026 17:44:39] [coins] CONSOLE took 100 from fireacemaster's balance. New balance: 0
[19/03/2026 17:44:43] [coins] CONSOLE took 100 from fireacemaster's balance. New balance: 0
[19/03/2026 17:44:43] [coins] CONSOLE took 100 from fireacemaster's balance. New balance: 0
[19/03/2026 17:44:44] [coins] CONSOLE took 100 from fireacemaster's balance. New balance: 0
[19/03/2026 17:44:44] [coins] CONSOLE took 100 from fireacemaster's balance. New balance: 0
[19/03/2026 17:44:44] [coins] CONSOLE took 100 from fireacemaster's balance. New balance: 0
[19/03/2026 17:44:45] [coins] CONSOLE took 100 from fireacemaster's balance. New balance: 0
[19/03/2026 17:44:45] [coins] CONSOLE took 100 from fireacemaster's balance. New balance: 0
[19/03/2026 17:44:45] [coins] CONSOLE took 100 from fireacemaster's balance. New balance: 0
[19/03/2026 17:44:46] [coins] CONSOLE took 100 from fireacemaster's balance. New balance: 0
[19/03/2026 17:44:46] [coins] CONSOLE took 100 from fireacemaster's balance. New balance: 0
[19/03/2026 17:44:46] [coins] CONSOLE took 100 from fireacemaster's balance. New balance: 0
[19/03/2026 17:44:46] [coins] CONSOLE took 100 from fireacemaster's balance. New balance: 0
[19/03/2026 17:44:46] [coins] CONSOLE took 100 from fireacemaster's balance. New balance: 0
[19/03/2026 17:44:47] [coins] CONSOLE took 100 from fireacemaster's balance. New balance: 0
[19/03/2026 17:44:47] [coins] CONSOLE took 100 from fireacemaster's balance. New balance: 0
[19/03/2026 17:44:47] [coins] CONSOLE took 100 from fireacemaster's balance. New balance: 0
[19/03/2026 17:44:48] [coins] CONSOLE took 100 from fireacemaster's balance. New balance: 0
[19/03/2026 17:44:48] [coins] CONSOLE took 100 from fireacemaster's balance. New balance: 0
[19/03/2026 17:44:49] [coins] CONSOLE took 100 from fireacemaster's balance. New balance: 0
[19/03/2026 17:44:49] [coins] CONSOLE took 100 from fireacemaster's balance. New balance: 0
[19/03/2026 17:44:49] [coins] CONSOLE took 100 from fireacemaster's balance. New balance: 0
[19/03/2026 17:44:50] [coins] CONSOLE took 100 from fireacemaster's balance. New balance: 0
[19/03/2026 17:44:50] [coins] CONSOLE took 100 from fireacemaster's balance. New balance: 0
[19/03/2026 17:44:50] [coins] CONSOLE took 100 from fireacemaster's balance. New balance: 0
[19/03/2026 17:44:50] [coins] CONSOLE took 100 from fireacemaster's balance. New balance: 0
[19/03/2026 17:44:51] [coins] CONSOLE took 100 from fireacemaster's balance. New balance: 0
[19/03/2026 17:44:51] [coins] CONSOLE took 100 from fireacemaster's balance. New balance: 0
[19/03/2026 17:44:51] [coins] CONSOLE took 100 from fireacemaster's balance. New balance: 0
[19/03/2026 17:44:52] [coins] CONSOLE took 100 from fireacemaster's balance. New balance: 0
[19/03/2026 17:44:52] [coins] CONSOLE took 100 from fireacemaster's balance. New balance: 0
[19/03/2026 17:44:53] [coins] CONSOLE took 100 from fireacemaster's balance. New balance: 0
[19/03/2026 17:44:53] [coins] CONSOLE took 100 from fireacemaster's balance. New balance: 0
[20/03/2026 15:09:06] [coins] CONSOLE took 499 from Charon_VV's balance. New balance: 561
[20/03/2026 15:09:10] [coins] CONSOLE took 499 from Charon_VV's balance. New balance: 62
[20/03/2026 15:09:11] [coins] CONSOLE took 499 from Charon_VV's balance. New balance: 0
[20/03/2026 15:09:14] [coins] CONSOLE took 499 from Charon_VV's balance. New balance: 0
[20/03/2026 15:09:15] [coins] CONSOLE took 499 from Charon_VV's balance. New balance: 0
[20/03/2026 15:09:15] [coins] CONSOLE took 499 from Charon_VV's balance. New balance: 0
[20/03/2026 15:09:15] [coins] CONSOLE took 499 from Charon_VV's balance. New balance: 0
[20/03/2026 15:09:16] [coins] CONSOLE took 499 from Charon_VV's balance. New balance: 0
[20/03/2026 15:09:16] [coins] CONSOLE took 499 from Charon_VV's balance. New balance: 0
[20/03/2026 15:09:16] [coins] CONSOLE took 499 from Charon_VV's balance. New balance: 0
[20/03/2026 15:09:17] [coins] CONSOLE took 499 from Charon_VV's balance. New balance: 0
[20/03/2026 15:09:17] [coins] CONSOLE took 499 from Charon_VV's balance. New balance: 0
[20/03/2026 15:09:17] [coins] CONSOLE took 499 from Charon_VV's balance. New balance: 0
[20/03/2026 15:09:18] [coins] CONSOLE took 499 from Charon_VV's balance. New balance: 0
[20/03/2026 15:09:18] [coins] CONSOLE took 499 from Charon_VV's balance. New balance: 0
[20/03/2026 15:09:18] [coins] CONSOLE took 499 from Charon_VV's balance. New balance: 0
[20/03/2026 15:10:06] [coins] Charon_VV gave 10,000,000,000 to Charon_VV. New balance: 10,000,000,000
[20/03/2026 16:26:10] [coins] CONSOLE took 299 from Charon_VV's balance. New balance: 9,999,999,701
[20/03/2026 16:26:54] [coins] CONSOLE took 299 from Charon_VV's balance. New balance: 9,999,999,402
[20/03/2026 16:27:41] [coins] Charon_VV set Charon_VV's balance to 5,000. New balance: 5,000
[20/03/2026 16:27:46] [coins] CONSOLE took 299 from Charon_VV's balance. New balance: 4,701
[20/03/2026 16:28:38] [coins] CONSOLE took 299 from Charon_VV's balance. New balance: 4,402
[20/03/2026 16:28:43] [coins] CONSOLE took 399 from Charon_VV's balance. New balance: 4,003
[20/03/2026 16:28:44] [coins] CONSOLE took 499 from Charon_VV's balance. New balance: 3,504
[20/03/2026 16:28:45] [coins] CONSOLE took 599 from Charon_VV's balance. New balance: 2,905
[20/03/2026 16:28:46] [coins] CONSOLE took 799 from Charon_VV's balance. New balance: 2,106
[20/03/2026 16:28:46] [coins] CONSOLE took 999 from Charon_VV's balance. New balance: 1,107
[20/03/2026 16:56:47] [coins] CONSOLE took 700 from Charon_VV's balance. New balance: 407
[20/03/2026 16:56:57] [coins] CONSOLE took 50 from Charon_VV's balance. New balance: 357
[20/03/2026 16:57:00] [coins] CONSOLE took 100 from Charon_VV's balance. New balance: 257
[20/03/2026 16:57:32] [coins] Charon_VV set Charon_VV's balance to 10,000. New balance: 10,000
[20/03/2026 16:58:33] [coins] Charon_VV set Charon_VV's balance to 10,000. New balance: 10,000
[20/03/2026 16:58:38] [coins] CONSOLE took 50 from Charon_VV's balance. New balance: 9,950
[20/03/2026 16:58:40] [coins] CONSOLE took 100 from Charon_VV's balance. New balance: 9,850
[20/03/2026 16:58:42] [coins] CONSOLE took 300 from Charon_VV's balance. New balance: 9,550
[20/03/2026 16:58:45] [coins] CONSOLE took 500 from Charon_VV's balance. New balance: 9,050
[20/03/2026 16:58:47] [coins] CONSOLE took 700 from Charon_VV's balance. New balance: 8,350
[20/03/2026 16:58:51] [coins] CONSOLE took 700 from Charon_VV's balance. New balance: 7,650
[20/03/2026 16:59:20] [coins] CONSOLE took 700 from Charon_VV's balance. New balance: 6,950
[20/03/2026 16:59:22] [coins] CONSOLE took 700 from Charon_VV's balance. New balance: 6,250
[20/03/2026 16:59:24] [coins] CONSOLE took 50 from Charon_VV's balance. New balance: 6,200
[20/03/2026 16:59:25] [coins] CONSOLE took 100 from Charon_VV's balance. New balance: 6,100
[20/03/2026 16:59:28] [coins] CONSOLE took 300 from Charon_VV's balance. New balance: 5,800
[20/03/2026 16:59:30] [coins] CONSOLE took 500 from Charon_VV's balance. New balance: 5,300
[20/03/2026 17:00:07] [coins] CONSOLE gave 10 to Charon_VV. New balance: 5,310
[20/03/2026 18:27:45] [money] Charon_VV gave $1,000,000 to Charon_VV. New balance: $1,000,000
[20/03/2026 18:29:10] [coins] CONSOLE gave 100 to Charon_VV. New balance: 5,410
[20/03/2026 21:03:26] [coins] CONSOLE took 100 from Charon_VV's balance. New balance: 5,310
[20/03/2026 21:10:02] [coins] CONSOLE took 700 from chirayush_55's balance. New balance: 0
[21/03/2026 15:35:02] [coins] CONSOLE gave 30 to Harshit_yyy. New balance: 130
[21/03/2026 15:35:03] [coins] CONSOLE gave 30 to Harshit_yyy. New balance: 160
[21/03/2026 15:35:03] [coins] CONSOLE gave 30 to Harshit_yyy. New balance: 190
[21/03/2026 15:35:04] [coins] CONSOLE gave 30 to Harshit_yyy. New balance: 220
[21/03/2026 15:35:04] [coins] CONSOLE gave 30 to Harshit_yyy. New balance: 250
[21/03/2026 15:35:35] [coins] CONSOLE took 50 from Harshit_yyy's balance. New balance: 200
[22/03/2026 00:49:53] [afkshard] NightCore - EconomyBridge took 99 from Charon_VV's balance. New balance: 49,915
[22/03/2026 00:51:59] [afkshard] NightCore - EconomyBridge took 7 from Charon_VV's balance. New balance: 49,908
[22/03/2026 00:52:27] [afkshard] NightCore - EconomyBridge took 16,128 from Charon_VV's balance. New balance: 33,780
[22/03/2026 00:54:46] [afkshard] NightCore - EconomyBridge took 16,128 from Charon_VV's balance. New balance: 17,652
[22/03/2026 01:04:02] [coins] CONSOLE took 299 from Charon_VV's balance. New balance: 5,011
[22/03/2026 01:04:02] [coins] CONSOLE took 399 from Charon_VV's balance. New balance: 4,612
[22/03/2026 01:04:03] [coins] CONSOLE took 499 from Charon_VV's balance. New balance: 4,113
[22/03/2026 01:04:03] [coins] CONSOLE took 599 from Charon_VV's balance. New balance: 3,514
[22/03/2026 01:04:03] [coins] CONSOLE took 799 from Charon_VV's balance. New balance: 2,715
[22/03/2026 01:04:04] [coins] CONSOLE took 999 from Charon_VV's balance. New balance: 1,716
[22/03/2026 01:04:04] [coins] CONSOLE took 1,499 from Charon_VV's balance. New balance: 217
[22/03/2026 01:38:24] [coins] Charon_VV gave 1,000,000,000 to Charon_VV. New balance: 1,000,000,217
[22/03/2026 01:38:38] [coins] CONSOLE took 299 from Charon_VV's balance. New balance: 999,999,918
[22/03/2026 01:38:50] [coins] CONSOLE took 399 from Charon_VV's balance. New balance: 999,999,519
[22/03/2026 01:39:11] [coins] CONSOLE took 499 from Charon_VV's balance. New balance: 999,999,020
[22/03/2026 01:39:33] [coins] CONSOLE took 599 from Charon_VV's balance. New balance: 999,998,421
[22/03/2026 01:39:54] [coins] CONSOLE took 799 from Charon_VV's balance. New balance: 999,997,622
[22/03/2026 01:40:22] [coins] CONSOLE took 999 from Charon_VV's balance. New balance: 999,996,623
[22/03/2026 01:41:18] [coins] CONSOLE took 1,499 from Charon_VV's balance. New balance: 999,995,124
[22/03/2026 12:53:15] [coins] CONSOLE took 500 from Charon_VV's balance. New balance: 999,994,624
[22/03/2026 12:53:17] [coins] CONSOLE took 500 from Charon_VV's balance. New balance: 999,994,124
[22/03/2026 12:53:19] [coins] CONSOLE took 500 from Charon_VV's balance. New balance: 999,993,624
[23/03/2026 11:31:02] [money] Charon_VV gave $100,000,000,000,000,000 to Charon_VV. New balance: $100,000,000,001,000,000
[23/03/2026 11:31:13] [money] Charon_VV set Charon_VV's balance to $0. New balance: $0
