[00:00:03] [pool-74-thread-1/INFO]: [VotingPlugin] Detected day changed, processing...
[00:00:03] [pool-74-thread-1/INFO]: [VotingPlugin] Time change event: DAY, Fake: false
[00:00:03] [pool-74-thread-1/INFO]: [VotingPlugin] Finished processing day change, took 0 seconds
[00:00:03] [pool-74-thread-1/INFO]: [VotingPlugin] Created zip file at C:\Users\CD_55\Desktop\MC server\server\plugins\VotingPlugin\Backups\Backup-2026_MARCH_24.zip
[00:00:03] [pool-74-thread-1/INFO]: [VotingPlugin] Finished processing day changes
[00:00:10] [Server thread/INFO]: [EzRTP] [EzRTP] Daily RTP usage counts reset.
[01:06:40] [Server thread/INFO]: Charon_VV issued server command: /shop
[01:06:49] [Server thread/INFO]: Charon_VV lost connection: Disconnected
[01:06:49] [Server thread/INFO]: [Multiverse-Inventories-Debug] Global profile for player 4ec2f899-1dcd-33dd-ad4e-26154522615b (Charon_VV) not in cached. Loading...
[01:06:49] [Server thread/INFO]: [Multiverse-Inventories-Debug] Skipping write for optional share: last_location
[01:06:49] [Server thread/INFO]: [Multiverse-Inventories-Debug] Change affected by 2 fromProfiles and 0 toProfiles
[01:06:49] [Server thread/INFO]: [Multiverse-Inventories-Debug] got data file: plugins\Multiverse-Inventories\groups\default\Charon_VV.json. Type: GROUP, DataName: default, PlayerName: Charon_VV
[01:06:49] [Server thread/INFO]: [Multiverse-Inventories-Debug] ProfileKey{containerType=GROUP, dataName='default', profileType=ProfileType:SURVIVAL, playerName='Charon_VV', playerUUID=4ec2f899-1dcd-33dd-ad4e-26154522615b} not cached. loading from disk...
[01:06:49] [Server thread/INFO]: [Multiverse-Inventories-Debug] got data file: plugins\Multiverse-Inventories\worlds\spawn\Charon_VV.json. Type: WORLD, DataName: spawn, PlayerName: Charon_VV
[01:06:49] [Server thread/INFO]: [Multiverse-Inventories-Debug] ProfileKey{containerType=WORLD, dataName='spawn', profileType=ProfileType:SURVIVAL, playerName='Charon_VV', playerUUID=4ec2f899-1dcd-33dd-ad4e-26154522615b} not cached. loading from disk...
[01:06:49] [Server thread/INFO]: [Multiverse-Inventories-Debug] === Charon_VV complete for WriteOnlyShareHandlingEvent | time taken: 80.4050 ms ===
[01:06:49] [ForkJoinPool-7-worker-3/INFO]: [Multiverse-Inventories-Debug] Created player profile from map for 'Charon_VV'.
[01:06:49] [ForkJoinPool-7-worker-3/INFO]: [Multiverse-Inventories-Debug] Persisted: ender_chest, inventory_contents, armor_contents, off_hand, max_hit_points, hit_points, remaining_air, maximum_air, fall_distance, fire_ticks, xp, lvl, total_xp, food_level, exhaustion, saturation, bed_spawn, potion_effects to WORLD:spawn (ProfileType:SURVIVAL) for player Charon_VV
[01:06:49] [ForkJoinPool-7-worker-4/INFO]: [Multiverse-Inventories-Debug] Created player profile from map for 'Charon_VV'.
[01:06:49] [ForkJoinPool-7-worker-4/INFO]: [Multiverse-Inventories-Debug] Persisted: hit_points, max_hit_points, food_level, saturation, exhaustion, xp, total_xp, lvl, inventory_contents, armor_contents, bed_spawn, maximum_air, remaining_air, fall_distance, fire_ticks, potion_effects, ender_chest, off_hand to GROUP:default (ProfileType:SURVIVAL) for player Charon_VV
[01:06:49] [ForkJoinPool-7-worker-3/INFO]: [Multiverse-Inventories-Debug] got data file: plugins\Multiverse-Inventories\worlds\spawn\Charon_VV.json. Type: WORLD, DataName: spawn, PlayerName: Charon_VV
[01:06:49] [ForkJoinPool-7-worker-4/INFO]: [Multiverse-Inventories-Debug] got data file: plugins\Multiverse-Inventories\groups\default\Charon_VV.json. Type: GROUP, DataName: default, PlayerName: Charon_VV
[01:06:50] [Server thread/INFO]: Charon_VV left the game
