[18/03/2026 15:48:41] Charon_VV won Coral Sword (ID: coral_sword, Weight: 10.0) from Coral Crate (ID: coral)
[18/03/2026 15:49:08] Charon_VV won  (ID: netherite_scrap, Weight: 10.0) from Coral Crate (ID: coral)
[18/03/2026 15:49:17] Charon_VV won  (ID: netherite_scrap, Weight: 10.0) from Coral Crate (ID: coral)
[18/03/2026 15:53:14] Charon_VV won  (ID: netherite_scrap, Weight: 10.0) from Coral Crate (ID: coral)
[18/03/2026 16:14:13] Charon_VV won Honeycomb Key (ID: honeycomb_key, Weight: 0.1) from Coral Crate (ID: coral)
[18/03/2026 16:14:14] Charon_VV won Coral Helmet (ID: coral_helmet, Weight: 10.0) from Coral Crate (ID: coral)
[18/03/2026 16:14:15] Charon_VV won 🪙40 (ID: 40, Weight: 10.0) from Coral Crate (ID: coral)
[18/03/2026 16:14:15] Charon_VV won Coral Helmet (ID: coral_helmet, Weight: 10.0) from Coral Crate (ID: coral)
[18/03/2026 16:14:16] Charon_VV won 🪙40 (ID: 40, Weight: 10.0) from Coral Crate (ID: coral)
[18/03/2026 16:14:16] Charon_VV won Coral Leggings (ID: coral_leggings, Weight: 10.0) from Coral Crate (ID: coral)
[18/03/2026 16:14:16] Charon_VV won 🪙40 (ID: 40, Weight: 10.0) from Coral Crate (ID: coral)
[18/03/2026 16:14:17] Charon_VV won 🪙10 (ID: 10, Weight: 10.0) from Coral Crate (ID: coral)
[18/03/2026 16:14:17] Charon_VV won  (ID: netherite_scrap, Weight: 10.0) from Coral Crate (ID: coral)
[18/03/2026 16:14:18] Charon_VV won Coral Chestplate (ID: coral_chestplate, Weight: 10.0) from Coral Crate (ID: coral)
[18/03/2026 16:14:18] Charon_VV won Coral Boots (ID: coral_boots, Weight: 10.0) from Coral Crate (ID: coral)
[18/03/2026 16:14:18] Charon_VV won Coral Sword (ID: coral_sword, Weight: 10.0) from Coral Crate (ID: coral)
[18/03/2026 16:14:19] Charon_VV won $5000 (ID: 5000, Weight: 10.0) from Coral Crate (ID: coral)
[18/03/2026 16:14:19] Charon_VV won Coral Helmet (ID: coral_helmet, Weight: 10.0) from Coral Crate (ID: coral)
[18/03/2026 16:14:19] Charon_VV won Coral Helmet (ID: coral_helmet, Weight: 10.0) from Coral Crate (ID: coral)
[18/03/2026 16:14:20] Charon_VV won 🪙40 (ID: 40, Weight: 10.0) from Coral Crate (ID: coral)
[18/03/2026 16:14:20] Charon_VV won 🪙10 (ID: 10, Weight: 10.0) from Coral Crate (ID: coral)
[18/03/2026 16:14:20] Charon_VV won $10,000 (ID: 10000, Weight: 10.0) from Coral Crate (ID: coral)
[18/03/2026 16:14:21] Charon_VV won Coral Helmet (ID: coral_helmet, Weight: 10.0) from Coral Crate (ID: coral)
[18/03/2026 16:14:21] Charon_VV won Coral Chestplate (ID: coral_chestplate, Weight: 10.0) from Coral Crate (ID: coral)
[18/03/2026 16:14:22] Charon_VV won Coral Leggings (ID: coral_leggings, Weight: 10.0) from Coral Crate (ID: coral)
[18/03/2026 16:14:22] Charon_VV won 🪙100 (ID: 100, Weight: 10.0) from Coral Crate (ID: coral)
[18/03/2026 16:14:22] Charon_VV won $5000 (ID: 5000, Weight: 10.0) from Coral Crate (ID: coral)
[18/03/2026 16:14:23] Charon_VV won Coral Helmet (ID: coral_helmet, Weight: 10.0) from Coral Crate (ID: coral)
[18/03/2026 16:14:23] Charon_VV won $10,000 (ID: 10000, Weight: 10.0) from Coral Crate (ID: coral)
[18/03/2026 16:14:23] Charon_VV won 🪙10 (ID: 10, Weight: 10.0) from Coral Crate (ID: coral)
[18/03/2026 16:15:00] Charon_VV won 🪙10 (ID: 10, Weight: 10.0) from Coral Crate (ID: coral)
[18/03/2026 16:15:01] Charon_VV won Honeycomb Key (ID: honeycomb_key, Weight: 0.1) from Coral Crate (ID: coral)
[18/03/2026 16:15:02] Charon_VV won Coral Leggings (ID: coral_leggings, Weight: 10.0) from Coral Crate (ID: coral)
[18/03/2026 16:15:02] Charon_VV won Coral Boots (ID: coral_boots, Weight: 10.0) from Coral Crate (ID: coral)
[18/03/2026 16:15:03] Charon_VV won Coral Sword (ID: coral_sword, Weight: 10.0) from Coral Crate (ID: coral)
[18/03/2026 16:15:03] Charon_VV won 🪙40 (ID: 40, Weight: 10.0) from Coral Crate (ID: coral)
[18/03/2026 16:15:04] Charon_VV won Coral Helmet (ID: coral_helmet, Weight: 10.0) from Coral Crate (ID: coral)
[18/03/2026 16:15:04] Charon_VV won Coral Chestplate (ID: coral_chestplate, Weight: 10.0) from Coral Crate (ID: coral)
[18/03/2026 16:15:04] Charon_VV won 🪙100 (ID: 100, Weight: 10.0) from Coral Crate (ID: coral)
[18/03/2026 16:15:05] Charon_VV won Coral Sword (ID: coral_sword, Weight: 10.0) from Coral Crate (ID: coral)
[18/03/2026 16:15:05] Charon_VV won 🪙100 (ID: 100, Weight: 10.0) from Coral Crate (ID: coral)
[18/03/2026 16:15:06] Charon_VV won 🪙100 (ID: 100, Weight: 10.0) from Coral Crate (ID: coral)
[18/03/2026 16:15:07] Charon_VV won 🪙10 (ID: 10, Weight: 10.0) from Coral Crate (ID: coral)
[18/03/2026 16:15:12] Charon_VV won Honeycomb Key (ID: honeycomb_key, Weight: 0.1) from Coral Crate (ID: coral)
[18/03/2026 16:15:13] Charon_VV won  (ID: netherite_scrap, Weight: 10.0) from Coral Crate (ID: coral)
[18/03/2026 16:15:13] Charon_VV won Coral Helmet (ID: coral_helmet, Weight: 10.0) from Coral Crate (ID: coral)
[18/03/2026 16:15:14] Charon_VV won 🪙100 (ID: 100, Weight: 10.0) from Coral Crate (ID: coral)
[18/03/2026 16:15:14] Charon_VV won Coral Sword (ID: coral_sword, Weight: 10.0) from Coral Crate (ID: coral)
[18/03/2026 16:15:14] Charon_VV won $10,000 (ID: 10000, Weight: 10.0) from Coral Crate (ID: coral)
[18/03/2026 16:15:15] Charon_VV won Coral Leggings (ID: coral_leggings, Weight: 10.0) from Coral Crate (ID: coral)
[18/03/2026 16:15:15] Charon_VV won Honeycomb Key (ID: honeycomb_key, Weight: 0.1) from Coral Crate (ID: coral)
[18/03/2026 16:15:15] Charon_VV won  (ID: netherite_scrap, Weight: 10.0) from Coral Crate (ID: coral)
[18/03/2026 16:15:16] Charon_VV won Coral Boots (ID: coral_boots, Weight: 10.0) from Coral Crate (ID: coral)
[18/03/2026 16:15:16] Charon_VV won Honeycomb Key (ID: honeycomb_key, Weight: 0.1) from Coral Crate (ID: coral)
[18/03/2026 16:15:17] Charon_VV won $10,000 (ID: 10000, Weight: 10.0) from Coral Crate (ID: coral)
[18/03/2026 16:15:17] Charon_VV won Honeycomb Key (ID: honeycomb_key, Weight: 0.1) from Coral Crate (ID: coral)
[18/03/2026 16:15:18] Charon_VV won Honeycomb Key (ID: honeycomb_key, Weight: 0.1) from Coral Crate (ID: coral)
[19/03/2026 17:34:26] fireacemaster won  (ID: totem_of_undying, Weight: 30.0) from Abyssal Crate (ID: abyssal)
[19/03/2026 17:34:28] fireacemaster won ☄ SPIIIT ☄ (ID: _spiiit_, Weight: 40.0) from Abyssal Crate (ID: abyssal)
[19/03/2026 17:34:29] fireacemaster won  (ID: netherite_helmet, Weight: 0.9) from Abyssal Crate (ID: abyssal)
[19/03/2026 17:34:36] fireacemaster won ☄ SPIIIT ☄ (ID: _spiiit_, Weight: 40.0) from Abyssal Crate (ID: abyssal)
[19/03/2026 17:34:40] fireacemaster won ☄ SPIIIT ☄ (ID: _spiiit_, Weight: 40.0) from Abyssal Crate (ID: abyssal)
[19/03/2026 17:34:42] fireacemaster won  (ID: netherite_helmet, Weight: 0.9) from Abyssal Crate (ID: abyssal)
[19/03/2026 17:34:44] fireacemaster won  (ID: totem_of_undying, Weight: 30.0) from Abyssal Crate (ID: abyssal)
[19/03/2026 17:34:46] fireacemaster won ☄ SPIIIT ☄ (ID: _spiiit_, Weight: 40.0) from Abyssal Crate (ID: abyssal)
[19/03/2026 17:34:48] fireacemaster won  (ID: totem_of_undying, Weight: 30.0) from Abyssal Crate (ID: abyssal)
[19/03/2026 17:34:50] fireacemaster won >> Stun Ball << (ID: _stun_ball_, Weight: 5.0) from Abyssal Crate (ID: abyssal)
[19/03/2026 17:34:51] fireacemaster won  (ID: netherite_leggings, Weight: 0.4) from Abyssal Crate (ID: abyssal)
[19/03/2026 17:34:52] fireacemaster won ☄ SPIIIT ☄ (ID: _spiiit_, Weight: 40.0) from Abyssal Crate (ID: abyssal)
[19/03/2026 17:34:54] fireacemaster won  (ID: netherite_leggings, Weight: 0.4) from Abyssal Crate (ID: abyssal)
[19/03/2026 17:34:55] fireacemaster won  (ID: totem_of_undying, Weight: 30.0) from Abyssal Crate (ID: abyssal)
[19/03/2026 17:34:57] fireacemaster won  (ID: netherite_boots, Weight: 1.0) from Abyssal Crate (ID: abyssal)
[19/03/2026 17:34:59] fireacemaster won  (ID: netherite_helmet, Weight: 0.9) from Abyssal Crate (ID: abyssal)
[19/03/2026 17:35:00] fireacemaster won  (ID: totem_of_undying, Weight: 30.0) from Abyssal Crate (ID: abyssal)
[19/03/2026 17:35:01] fireacemaster won ☄ SPIIIT ☄ (ID: _spiiit_, Weight: 40.0) from Abyssal Crate (ID: abyssal)
[19/03/2026 17:35:02] fireacemaster won  (ID: totem_of_undying, Weight: 30.0) from Abyssal Crate (ID: abyssal)
[19/03/2026 17:35:03] fireacemaster won ☄ SPIIIT ☄ (ID: _spiiit_, Weight: 40.0) from Abyssal Crate (ID: abyssal)
[19/03/2026 17:35:04] fireacemaster won ☄ SPIIIT ☄ (ID: _spiiit_, Weight: 40.0) from Abyssal Crate (ID: abyssal)
[19/03/2026 17:35:04] fireacemaster won ☄ SPIIIT ☄ (ID: _spiiit_, Weight: 40.0) from Abyssal Crate (ID: abyssal)
[19/03/2026 17:35:05] fireacemaster won  (ID: totem_of_undying, Weight: 30.0) from Abyssal Crate (ID: abyssal)
[19/03/2026 17:35:07] fireacemaster won  (ID: netherite_helmet, Weight: 0.9) from Abyssal Crate (ID: abyssal)
[19/03/2026 17:35:09] fireacemaster won ☄ SPIIIT ☄ (ID: _spiiit_, Weight: 40.0) from Abyssal Crate (ID: abyssal)
[19/03/2026 17:35:12] fireacemaster won  (ID: netherite_helmet, Weight: 0.9) from Abyssal Crate (ID: abyssal)
[19/03/2026 17:35:15] fireacemaster won  (ID: totem_of_undying, Weight: 30.0) from Abyssal Crate (ID: abyssal)
[19/03/2026 17:35:16] fireacemaster won ☄ SPIIIT ☄ (ID: _spiiit_, Weight: 40.0) from Abyssal Crate (ID: abyssal)
[19/03/2026 17:35:17] fireacemaster won  (ID: totem_of_undying, Weight: 30.0) from Abyssal Crate (ID: abyssal)
[19/03/2026 17:35:19] fireacemaster won  (ID: totem_of_undying, Weight: 30.0) from Abyssal Crate (ID: abyssal)
[19/03/2026 17:35:20] fireacemaster won ☄ SPIIIT ☄ (ID: _spiiit_, Weight: 40.0) from Abyssal Crate (ID: abyssal)
[19/03/2026 17:35:21] fireacemaster won  (ID: totem_of_undying, Weight: 30.0) from Abyssal Crate (ID: abyssal)
[19/03/2026 17:35:23] fireacemaster won  (ID: netherite_boots, Weight: 1.0) from Abyssal Crate (ID: abyssal)
[19/03/2026 17:35:24] fireacemaster won  (ID: totem_of_undying, Weight: 30.0) from Abyssal Crate (ID: abyssal)
[19/03/2026 17:35:26] fireacemaster won  (ID: enchanted_golden_apple, Weight: 0.3) from Abyssal Crate (ID: abyssal)
[19/03/2026 17:35:27] fireacemaster won  (ID: totem_of_undying, Weight: 30.0) from Abyssal Crate (ID: abyssal)
[19/03/2026 17:35:28] fireacemaster won  (ID: totem_of_undying, Weight: 30.0) from Abyssal Crate (ID: abyssal)
[19/03/2026 17:35:31] fireacemaster won  (ID: totem_of_undying, Weight: 30.0) from Abyssal Crate (ID: abyssal)
[19/03/2026 17:35:33] fireacemaster won ☄ SPIIIT ☄ (ID: _spiiit_, Weight: 40.0) from Abyssal Crate (ID: abyssal)
[19/03/2026 17:35:34] fireacemaster won  (ID: totem_of_undying, Weight: 30.0) from Abyssal Crate (ID: abyssal)
[19/03/2026 17:35:36] fireacemaster won >> Stun Ball << (ID: _stun_ball_, Weight: 5.0) from Abyssal Crate (ID: abyssal)
[19/03/2026 17:35:37] fireacemaster won ☄ SPIIIT ☄ (ID: _spiiit_, Weight: 40.0) from Abyssal Crate (ID: abyssal)
[19/03/2026 17:35:38] fireacemaster won ☄ SPIIIT ☄ (ID: _spiiit_, Weight: 40.0) from Abyssal Crate (ID: abyssal)
[19/03/2026 17:35:39] fireacemaster won (()) Force drop ball (()) (ID: _force_drop_ball_, Weight: 0.1) from Abyssal Crate (ID: abyssal)
[19/03/2026 17:35:41] fireacemaster won  (ID: totem_of_undying, Weight: 30.0) from Abyssal Crate (ID: abyssal)
[19/03/2026 17:35:43] fireacemaster won  (ID: totem_of_undying, Weight: 30.0) from Abyssal Crate (ID: abyssal)
[19/03/2026 17:36:17] fireacemaster won  (ID: totem_of_undying, Weight: 30.0) from Abyssal Crate (ID: abyssal)
[19/03/2026 17:36:18] fireacemaster won  (ID: netherite_helmet, Weight: 0.9) from Abyssal Crate (ID: abyssal)
[19/03/2026 17:36:19] fireacemaster won  (ID: totem_of_undying, Weight: 30.0) from Abyssal Crate (ID: abyssal)
[19/03/2026 17:36:21] fireacemaster won  (ID: totem_of_undying, Weight: 30.0) from Abyssal Crate (ID: abyssal)
[19/03/2026 17:36:55] fireacemaster won ☄ SPIIIT ☄ (ID: _spiiit_, Weight: 40.0) from Abyssal Crate (ID: abyssal)
[19/03/2026 17:36:56] fireacemaster won  (ID: netherite_leggings, Weight: 0.4) from Abyssal Crate (ID: abyssal)
[19/03/2026 17:36:57] fireacemaster won  (ID: totem_of_undying, Weight: 30.0) from Abyssal Crate (ID: abyssal)
[19/03/2026 17:36:58] fireacemaster won ☄ SPIIIT ☄ (ID: _spiiit_, Weight: 40.0) from Abyssal Crate (ID: abyssal)
[19/03/2026 17:36:58] fireacemaster won  (ID: netherite_boots, Weight: 1.0) from Abyssal Crate (ID: abyssal)
[19/03/2026 17:36:59] fireacemaster won  (ID: netherite_leggings, Weight: 0.4) from Abyssal Crate (ID: abyssal)
[19/03/2026 17:36:59] fireacemaster won  (ID: netherite_boots, Weight: 1.0) from Abyssal Crate (ID: abyssal)
[19/03/2026 17:37:00] fireacemaster won  (ID: netherite_chestplate, Weight: 0.1) from Abyssal Crate (ID: abyssal)
[19/03/2026 17:37:00] fireacemaster won  (ID: totem_of_undying, Weight: 30.0) from Abyssal Crate (ID: abyssal)
[19/03/2026 17:37:01] fireacemaster won ☄ SPIIIT ☄ (ID: _spiiit_, Weight: 40.0) from Abyssal Crate (ID: abyssal)
[19/03/2026 17:37:01] fireacemaster won  (ID: netherite_boots, Weight: 1.0) from Abyssal Crate (ID: abyssal)
[19/03/2026 17:37:02] fireacemaster won ❁ EPIC PEARL ❁ (ID: _epic_pearl_, Weight: 0.1) from Abyssal Crate (ID: abyssal)
[19/03/2026 17:37:03] fireacemaster won ☄ SPIIIT ☄ (ID: _spiiit_, Weight: 40.0) from Abyssal Crate (ID: abyssal)
[19/03/2026 17:37:08] fireacemaster won  (ID: netherite_boots, Weight: 1.0) from Abyssal Crate (ID: abyssal)
[20/03/2026 16:59:46] Charon_VV won ☄ SPIIIT ☄ (ID: _spiiit_, Weight: 40.0) from Abyssal Crate (ID: abyssal)
[20/03/2026 16:59:54] Charon_VV won ☄ SPIIIT ☄ (ID: _spiiit_, Weight: 40.0) from Abyssal Crate (ID: abyssal)
[20/03/2026 16:59:54] Charon_VV won  (ID: netherite_helmet, Weight: 0.9) from Abyssal Crate (ID: abyssal)
[20/03/2026 17:00:05] Charon_VV won Honeycomb Key (ID: honeycomb_key, Weight: 0.1) from Coral Crate (ID: coral)
[20/03/2026 17:00:06] Charon_VV won Coral Sword (ID: coral_sword, Weight: 10.0) from Coral Crate (ID: coral)
[20/03/2026 17:00:07] Charon_VV won 🪙10 (ID: 10, Weight: 10.0) from Coral Crate (ID: coral)
[20/03/2026 17:00:14] Charon_VV won Stinger Shield (ID: stinger_shield, Weight: 50.0) from Stinger Crate (ID: stinger)
[20/03/2026 17:00:14] Charon_VV won Stinger Shield (ID: stinger_shield, Weight: 50.0) from Stinger Crate (ID: stinger)
[20/03/2026 17:00:15] Charon_VV won Stinger Shield (ID: stinger_shield, Weight: 50.0) from Stinger Crate (ID: stinger)
[20/03/2026 17:00:32] Charon_VV won  (ID: suspicious_stew_1, Weight: 30.0) from Honeycomb Crate (ID: honeycomb)
[20/03/2026 17:00:33] Charon_VV won  (ID: tnt, Weight: 5.0) from Honeycomb Crate (ID: honeycomb)
[20/03/2026 17:00:34] Charon_VV won  (ID: suspicious_stew_2, Weight: 30.0) from Honeycomb Crate (ID: honeycomb)
[20/03/2026 17:00:34] Charon_VV won  (ID: golden_hoe, Weight: 10.0) from Honeycomb Crate (ID: honeycomb)
[20/03/2026 21:03:42] Charon_VV won Stinger Shield (ID: stinger_shield, Weight: 50.0) from Stinger Crate (ID: stinger)
[20/03/2026 21:11:11] chirayush_55 won  (ID: suspicious_stew_1, Weight: 30.0) from Honeycomb Crate (ID: honeycomb)
[20/03/2026 21:11:15] chirayush_55 won Stinger Shield (ID: stinger_shield, Weight: 50.0) from Stinger Crate (ID: stinger)
[20/03/2026 21:11:17] chirayush_55 won ☄ SPIIIT ☄ (ID: _spiiit_, Weight: 40.0) from Abyssal Crate (ID: abyssal)
[20/03/2026 21:11:18] chirayush_55 won $5000 (ID: 5000, Weight: 10.0) from Coral Crate (ID: coral)
[20/03/2026 21:12:44] chirayush_55 won ☄ SPIIIT ☄ (ID: _spiiit_, Weight: 40.0) from Abyssal Crate (ID: abyssal)
[20/03/2026 21:12:45] chirayush_55 won ☄ SPIIIT ☄ (ID: _spiiit_, Weight: 40.0) from Abyssal Crate (ID: abyssal)
[20/03/2026 21:12:45] chirayush_55 won ☄ SPIIIT ☄ (ID: _spiiit_, Weight: 40.0) from Abyssal Crate (ID: abyssal)
[20/03/2026 21:12:45] chirayush_55 won  (ID: netherite_helmet, Weight: 0.9) from Abyssal Crate (ID: abyssal)
[20/03/2026 21:12:46] chirayush_55 won  (ID: totem_of_undying, Weight: 30.0) from Abyssal Crate (ID: abyssal)
[20/03/2026 21:12:46] chirayush_55 won ☄ SPIIIT ☄ (ID: _spiiit_, Weight: 40.0) from Abyssal Crate (ID: abyssal)
[20/03/2026 21:12:47] chirayush_55 won  (ID: totem_of_undying, Weight: 30.0) from Abyssal Crate (ID: abyssal)
[20/03/2026 21:12:47] chirayush_55 won  (ID: netherite_boots, Weight: 1.0) from Abyssal Crate (ID: abyssal)
[20/03/2026 21:12:47] chirayush_55 won  (ID: netherite_helmet, Weight: 0.9) from Abyssal Crate (ID: abyssal)
[20/03/2026 21:12:47] chirayush_55 won  (ID: netherite_leggings, Weight: 0.4) from Abyssal Crate (ID: abyssal)
[20/03/2026 21:12:47] chirayush_55 won ☄ SPIIIT ☄ (ID: _spiiit_, Weight: 40.0) from Abyssal Crate (ID: abyssal)
[20/03/2026 21:12:47] chirayush_55 won ☄ SPIIIT ☄ (ID: _spiiit_, Weight: 40.0) from Abyssal Crate (ID: abyssal)
[20/03/2026 21:12:47] chirayush_55 won  (ID: totem_of_undying, Weight: 30.0) from Abyssal Crate (ID: abyssal)
[20/03/2026 21:12:47] chirayush_55 won ☄ SPIIIT ☄ (ID: _spiiit_, Weight: 40.0) from Abyssal Crate (ID: abyssal)
[20/03/2026 21:12:47] chirayush_55 won ☄ SPIIIT ☄ (ID: _spiiit_, Weight: 40.0) from Abyssal Crate (ID: abyssal)
[20/03/2026 21:12:47] chirayush_55 won  (ID: netherite_boots, Weight: 1.0) from Abyssal Crate (ID: abyssal)
[20/03/2026 21:12:47] chirayush_55 won ☄ SPIIIT ☄ (ID: _spiiit_, Weight: 40.0) from Abyssal Crate (ID: abyssal)
[20/03/2026 21:12:47] chirayush_55 won ☄ SPIIIT ☄ (ID: _spiiit_, Weight: 40.0) from Abyssal Crate (ID: abyssal)
[20/03/2026 21:12:47] chirayush_55 won  (ID: netherite_leggings, Weight: 0.4) from Abyssal Crate (ID: abyssal)
[20/03/2026 21:12:47] chirayush_55 won ☄ SPIIIT ☄ (ID: _spiiit_, Weight: 40.0) from Abyssal Crate (ID: abyssal)
[20/03/2026 21:12:47] chirayush_55 won  (ID: netherite_helmet, Weight: 0.9) from Abyssal Crate (ID: abyssal)
[20/03/2026 21:12:47] chirayush_55 won  (ID: netherite_leggings, Weight: 0.4) from Abyssal Crate (ID: abyssal)
[20/03/2026 21:12:47] chirayush_55 won ☄ SPIIIT ☄ (ID: _spiiit_, Weight: 40.0) from Abyssal Crate (ID: abyssal)
[20/03/2026 21:12:47] chirayush_55 won ☄ SPIIIT ☄ (ID: _spiiit_, Weight: 40.0) from Abyssal Crate (ID: abyssal)
[20/03/2026 21:12:47] chirayush_55 won ☄ SPIIIT ☄ (ID: _spiiit_, Weight: 40.0) from Abyssal Crate (ID: abyssal)
[20/03/2026 21:12:47] chirayush_55 won  (ID: netherite_helmet, Weight: 0.9) from Abyssal Crate (ID: abyssal)
[20/03/2026 21:12:47] chirayush_55 won  (ID: netherite_helmet, Weight: 0.9) from Abyssal Crate (ID: abyssal)
[20/03/2026 21:12:47] chirayush_55 won  (ID: netherite_helmet, Weight: 0.9) from Abyssal Crate (ID: abyssal)
[20/03/2026 21:13:00] chirayush_55 won  (ID: totem_of_undying, Weight: 30.0) from Abyssal Crate (ID: abyssal)
[20/03/2026 21:13:00] chirayush_55 won  (ID: netherite_helmet, Weight: 0.9) from Abyssal Crate (ID: abyssal)
[20/03/2026 21:13:00] chirayush_55 won  (ID: netherite_leggings, Weight: 0.4) from Abyssal Crate (ID: abyssal)
[20/03/2026 21:13:00] chirayush_55 won ☄ SPIIIT ☄ (ID: _spiiit_, Weight: 40.0) from Abyssal Crate (ID: abyssal)
[20/03/2026 21:13:00] chirayush_55 won  (ID: netherite_helmet, Weight: 0.9) from Abyssal Crate (ID: abyssal)
[20/03/2026 21:13:00] chirayush_55 won ☄ SPIIIT ☄ (ID: _spiiit_, Weight: 40.0) from Abyssal Crate (ID: abyssal)
[20/03/2026 21:13:00] chirayush_55 won  (ID: totem_of_undying, Weight: 30.0) from Abyssal Crate (ID: abyssal)
[20/03/2026 21:13:00] chirayush_55 won  (ID: totem_of_undying, Weight: 30.0) from Abyssal Crate (ID: abyssal)
[20/03/2026 21:13:00] chirayush_55 won  (ID: netherite_leggings, Weight: 0.4) from Abyssal Crate (ID: abyssal)
[20/03/2026 21:13:00] chirayush_55 won ☄ SPIIIT ☄ (ID: _spiiit_, Weight: 40.0) from Abyssal Crate (ID: abyssal)
[20/03/2026 21:13:00] chirayush_55 won ☄ SPIIIT ☄ (ID: _spiiit_, Weight: 40.0) from Abyssal Crate (ID: abyssal)
[20/03/2026 21:13:00] chirayush_55 won ☄ SPIIIT ☄ (ID: _spiiit_, Weight: 40.0) from Abyssal Crate (ID: abyssal)
[20/03/2026 21:13:00] chirayush_55 won  (ID: totem_of_undying, Weight: 30.0) from Abyssal Crate (ID: abyssal)
[20/03/2026 21:13:00] chirayush_55 won  (ID: netherite_boots, Weight: 1.0) from Abyssal Crate (ID: abyssal)
[20/03/2026 21:13:00] chirayush_55 won ☄ SPIIIT ☄ (ID: _spiiit_, Weight: 40.0) from Abyssal Crate (ID: abyssal)
[20/03/2026 21:13:00] chirayush_55 won  (ID: totem_of_undying, Weight: 30.0) from Abyssal Crate (ID: abyssal)
[20/03/2026 21:13:00] chirayush_55 won ☄ SPIIIT ☄ (ID: _spiiit_, Weight: 40.0) from Abyssal Crate (ID: abyssal)
[20/03/2026 21:13:00] chirayush_55 won  (ID: totem_of_undying, Weight: 30.0) from Abyssal Crate (ID: abyssal)
[20/03/2026 21:13:21] chirayush_55 won  (ID: netherite_helmet, Weight: 0.9) from Abyssal Crate (ID: abyssal)
[20/03/2026 21:13:21] chirayush_55 won ☄ SPIIIT ☄ (ID: _spiiit_, Weight: 40.0) from Abyssal Crate (ID: abyssal)
[20/03/2026 21:13:21] chirayush_55 won ☄ SPIIIT ☄ (ID: _spiiit_, Weight: 40.0) from Abyssal Crate (ID: abyssal)
[20/03/2026 21:13:21] chirayush_55 won ☄ SPIIIT ☄ (ID: _spiiit_, Weight: 40.0) from Abyssal Crate (ID: abyssal)
[20/03/2026 21:13:21] chirayush_55 won ☄ SPIIIT ☄ (ID: _spiiit_, Weight: 40.0) from Abyssal Crate (ID: abyssal)
[20/03/2026 21:13:21] chirayush_55 won ☄ SPIIIT ☄ (ID: _spiiit_, Weight: 40.0) from Abyssal Crate (ID: abyssal)
[20/03/2026 21:13:21] chirayush_55 won  (ID: totem_of_undying, Weight: 30.0) from Abyssal Crate (ID: abyssal)
[20/03/2026 21:13:21] chirayush_55 won  (ID: netherite_helmet, Weight: 0.9) from Abyssal Crate (ID: abyssal)
[20/03/2026 21:13:21] chirayush_55 won ☄ SPIIIT ☄ (ID: _spiiit_, Weight: 40.0) from Abyssal Crate (ID: abyssal)
[20/03/2026 21:13:21] chirayush_55 won  (ID: totem_of_undying, Weight: 30.0) from Abyssal Crate (ID: abyssal)
[20/03/2026 21:13:21] chirayush_55 won ☄ SPIIIT ☄ (ID: _spiiit_, Weight: 40.0) from Abyssal Crate (ID: abyssal)
[20/03/2026 21:13:21] chirayush_55 won  (ID: totem_of_undying, Weight: 30.0) from Abyssal Crate (ID: abyssal)
[20/03/2026 21:13:21] chirayush_55 won  (ID: totem_of_undying, Weight: 30.0) from Abyssal Crate (ID: abyssal)
[20/03/2026 21:13:21] chirayush_55 won  (ID: netherite_helmet, Weight: 0.9) from Abyssal Crate (ID: abyssal)
[20/03/2026 21:13:21] chirayush_55 won  (ID: netherite_boots, Weight: 1.0) from Abyssal Crate (ID: abyssal)
[20/03/2026 21:13:21] chirayush_55 won Heart (ID: heart, Weight: 1.0) from Abyssal Crate (ID: abyssal)
[20/03/2026 21:13:21] chirayush_55 won ☄ SPIIIT ☄ (ID: _spiiit_, Weight: 40.0) from Abyssal Crate (ID: abyssal)
[20/03/2026 21:13:21] chirayush_55 won ☄ SPIIIT ☄ (ID: _spiiit_, Weight: 40.0) from Abyssal Crate (ID: abyssal)
[20/03/2026 21:13:21] chirayush_55 won ☄ SPIIIT ☄ (ID: _spiiit_, Weight: 40.0) from Abyssal Crate (ID: abyssal)
[20/03/2026 21:13:21] chirayush_55 won  (ID: netherite_chestplate, Weight: 0.1) from Abyssal Crate (ID: abyssal)
[20/03/2026 21:13:22] chirayush_55 won  (ID: totem_of_undying, Weight: 30.0) from Abyssal Crate (ID: abyssal)
[20/03/2026 21:13:22] chirayush_55 won ☄ SPIIIT ☄ (ID: _spiiit_, Weight: 40.0) from Abyssal Crate (ID: abyssal)
[20/03/2026 21:13:22] chirayush_55 won  (ID: netherite_boots, Weight: 1.0) from Abyssal Crate (ID: abyssal)
[20/03/2026 21:13:22] chirayush_55 won ☄ SPIIIT ☄ (ID: _spiiit_, Weight: 40.0) from Abyssal Crate (ID: abyssal)
[20/03/2026 21:13:22] chirayush_55 won  (ID: netherite_helmet, Weight: 0.9) from Abyssal Crate (ID: abyssal)
[20/03/2026 21:13:22] chirayush_55 won  (ID: netherite_helmet, Weight: 0.9) from Abyssal Crate (ID: abyssal)
[20/03/2026 21:13:22] chirayush_55 won ☄ SPIIIT ☄ (ID: _spiiit_, Weight: 40.0) from Abyssal Crate (ID: abyssal)
[20/03/2026 21:13:22] chirayush_55 won ☄ SPIIIT ☄ (ID: _spiiit_, Weight: 40.0) from Abyssal Crate (ID: abyssal)
[20/03/2026 21:13:22] chirayush_55 won ☄ SPIIIT ☄ (ID: _spiiit_, Weight: 40.0) from Abyssal Crate (ID: abyssal)
[20/03/2026 21:13:22] chirayush_55 won  (ID: netherite_boots, Weight: 1.0) from Abyssal Crate (ID: abyssal)
[20/03/2026 21:13:35] chirayush_55 won  (ID: netherite_boots, Weight: 1.0) from Abyssal Crate (ID: abyssal)
[20/03/2026 21:13:36] chirayush_55 won  (ID: totem_of_undying, Weight: 30.0) from Abyssal Crate (ID: abyssal)
[20/03/2026 21:13:36] chirayush_55 won  (ID: totem_of_undying, Weight: 30.0) from Abyssal Crate (ID: abyssal)
[20/03/2026 21:13:36] chirayush_55 won  (ID: totem_of_undying, Weight: 30.0) from Abyssal Crate (ID: abyssal)
[20/03/2026 21:13:36] chirayush_55 won  (ID: totem_of_undying, Weight: 30.0) from Abyssal Crate (ID: abyssal)
[20/03/2026 21:13:36] chirayush_55 won ☄ SPIIIT ☄ (ID: _spiiit_, Weight: 40.0) from Abyssal Crate (ID: abyssal)
[20/03/2026 21:13:36] chirayush_55 won ☄ SPIIIT ☄ (ID: _spiiit_, Weight: 40.0) from Abyssal Crate (ID: abyssal)
[20/03/2026 21:13:36] chirayush_55 won ☄ SPIIIT ☄ (ID: _spiiit_, Weight: 40.0) from Abyssal Crate (ID: abyssal)
[20/03/2026 21:13:36] chirayush_55 won ☄ SPIIIT ☄ (ID: _spiiit_, Weight: 40.0) from Abyssal Crate (ID: abyssal)
[20/03/2026 21:13:36] chirayush_55 won  (ID: totem_of_undying, Weight: 30.0) from Abyssal Crate (ID: abyssal)
[20/03/2026 21:13:36] chirayush_55 won  (ID: totem_of_undying, Weight: 30.0) from Abyssal Crate (ID: abyssal)
[20/03/2026 21:13:36] chirayush_55 won  (ID: totem_of_undying, Weight: 30.0) from Abyssal Crate (ID: abyssal)
[20/03/2026 21:13:36] chirayush_55 won  (ID: enchanted_golden_apple, Weight: 0.3) from Abyssal Crate (ID: abyssal)
[20/03/2026 21:13:36] chirayush_55 won  (ID: netherite_helmet, Weight: 0.9) from Abyssal Crate (ID: abyssal)
[20/03/2026 21:13:36] chirayush_55 won  (ID: totem_of_undying, Weight: 30.0) from Abyssal Crate (ID: abyssal)
[20/03/2026 21:13:36] chirayush_55 won  (ID: netherite_boots, Weight: 1.0) from Abyssal Crate (ID: abyssal)
[20/03/2026 21:13:36] chirayush_55 won >> Stun Ball << (ID: _stun_ball_, Weight: 5.0) from Abyssal Crate (ID: abyssal)
[20/03/2026 21:13:36] chirayush_55 won  (ID: netherite_helmet, Weight: 0.9) from Abyssal Crate (ID: abyssal)
[20/03/2026 21:13:36] chirayush_55 won ☄ SPIIIT ☄ (ID: _spiiit_, Weight: 40.0) from Abyssal Crate (ID: abyssal)
[20/03/2026 21:13:36] chirayush_55 won  (ID: totem_of_undying, Weight: 30.0) from Abyssal Crate (ID: abyssal)
[20/03/2026 21:13:36] chirayush_55 won  (ID: totem_of_undying, Weight: 30.0) from Abyssal Crate (ID: abyssal)
[20/03/2026 21:13:36] chirayush_55 won Heart (ID: heart, Weight: 1.0) from Abyssal Crate (ID: abyssal)
[20/03/2026 21:13:36] chirayush_55 won ☄ SPIIIT ☄ (ID: _spiiit_, Weight: 40.0) from Abyssal Crate (ID: abyssal)
[20/03/2026 21:13:36] chirayush_55 won  (ID: totem_of_undying, Weight: 30.0) from Abyssal Crate (ID: abyssal)
[20/03/2026 21:13:36] chirayush_55 won ☄ SPIIIT ☄ (ID: _spiiit_, Weight: 40.0) from Abyssal Crate (ID: abyssal)
[20/03/2026 21:13:36] chirayush_55 won  (ID: netherite_leggings, Weight: 0.4) from Abyssal Crate (ID: abyssal)
[20/03/2026 21:13:36] chirayush_55 won  (ID: netherite_boots, Weight: 1.0) from Abyssal Crate (ID: abyssal)
[20/03/2026 21:13:36] chirayush_55 won  (ID: netherite_boots, Weight: 1.0) from Abyssal Crate (ID: abyssal)
[20/03/2026 21:13:36] chirayush_55 won ☄ SPIIIT ☄ (ID: _spiiit_, Weight: 40.0) from Abyssal Crate (ID: abyssal)
[20/03/2026 21:13:36] chirayush_55 won  (ID: netherite_helmet, Weight: 0.9) from Abyssal Crate (ID: abyssal)
[20/03/2026 21:13:36] chirayush_55 won ☄ SPIIIT ☄ (ID: _spiiit_, Weight: 40.0) from Abyssal Crate (ID: abyssal)
[20/03/2026 21:14:35] chirayush_55 won ☄ SPIIIT ☄ (ID: _spiiit_, Weight: 40.0) from Abyssal Crate (ID: abyssal)
[20/03/2026 21:14:35] chirayush_55 won  (ID: totem_of_undying, Weight: 30.0) from Abyssal Crate (ID: abyssal)
[20/03/2026 21:14:35] chirayush_55 won ☄ SPIIIT ☄ (ID: _spiiit_, Weight: 40.0) from Abyssal Crate (ID: abyssal)
[20/03/2026 21:14:40] chirayush_55 won  (ID: netherite_helmet, Weight: 0.9) from Abyssal Crate (ID: abyssal)
[20/03/2026 21:14:40] chirayush_55 won  (ID: totem_of_undying, Weight: 30.0) from Abyssal Crate (ID: abyssal)
[20/03/2026 21:14:53] chirayush_55 won  (ID: totem_of_undying, Weight: 30.0) from Abyssal Crate (ID: abyssal)
[20/03/2026 21:14:53] chirayush_55 won  (ID: totem_of_undying, Weight: 30.0) from Abyssal Crate (ID: abyssal)
[20/03/2026 21:14:53] chirayush_55 won  (ID: netherite_leggings, Weight: 0.4) from Abyssal Crate (ID: abyssal)
[20/03/2026 21:14:53] chirayush_55 won ☄ SPIIIT ☄ (ID: _spiiit_, Weight: 40.0) from Abyssal Crate (ID: abyssal)
[20/03/2026 21:14:53] chirayush_55 won  (ID: netherite_leggings, Weight: 0.4) from Abyssal Crate (ID: abyssal)
[20/03/2026 21:14:53] chirayush_55 won  (ID: netherite_helmet, Weight: 0.9) from Abyssal Crate (ID: abyssal)
[20/03/2026 21:14:53] chirayush_55 won ☄ SPIIIT ☄ (ID: _spiiit_, Weight: 40.0) from Abyssal Crate (ID: abyssal)
[20/03/2026 21:14:53] chirayush_55 won ☄ SPIIIT ☄ (ID: _spiiit_, Weight: 40.0) from Abyssal Crate (ID: abyssal)
[20/03/2026 21:14:53] chirayush_55 won  (ID: totem_of_undying, Weight: 30.0) from Abyssal Crate (ID: abyssal)
[20/03/2026 21:14:53] chirayush_55 won Heart (ID: heart, Weight: 1.0) from Abyssal Crate (ID: abyssal)
[20/03/2026 21:14:53] chirayush_55 won  (ID: totem_of_undying, Weight: 30.0) from Abyssal Crate (ID: abyssal)
[20/03/2026 21:14:53] chirayush_55 won  (ID: netherite_leggings, Weight: 0.4) from Abyssal Crate (ID: abyssal)
[20/03/2026 21:14:53] chirayush_55 won  (ID: totem_of_undying, Weight: 30.0) from Abyssal Crate (ID: abyssal)
[20/03/2026 21:14:53] chirayush_55 won  (ID: netherite_boots, Weight: 1.0) from Abyssal Crate (ID: abyssal)
[20/03/2026 21:14:53] chirayush_55 won ☄ SPIIIT ☄ (ID: _spiiit_, Weight: 40.0) from Abyssal Crate (ID: abyssal)
[20/03/2026 21:14:53] chirayush_55 won  (ID: netherite_boots, Weight: 1.0) from Abyssal Crate (ID: abyssal)
[20/03/2026 21:14:53] chirayush_55 won ☄ SPIIIT ☄ (ID: _spiiit_, Weight: 40.0) from Abyssal Crate (ID: abyssal)
[20/03/2026 21:14:53] chirayush_55 won  (ID: netherite_boots, Weight: 1.0) from Abyssal Crate (ID: abyssal)
[20/03/2026 21:14:53] chirayush_55 won ☄ SPIIIT ☄ (ID: _spiiit_, Weight: 40.0) from Abyssal Crate (ID: abyssal)
[20/03/2026 21:14:53] chirayush_55 won  (ID: totem_of_undying, Weight: 30.0) from Abyssal Crate (ID: abyssal)
[20/03/2026 21:14:53] chirayush_55 won >> Stun Ball << (ID: _stun_ball_, Weight: 5.0) from Abyssal Crate (ID: abyssal)
[20/03/2026 21:14:53] chirayush_55 won ☄ SPIIIT ☄ (ID: _spiiit_, Weight: 40.0) from Abyssal Crate (ID: abyssal)
[20/03/2026 21:14:53] chirayush_55 won  (ID: netherite_boots, Weight: 1.0) from Abyssal Crate (ID: abyssal)
[20/03/2026 21:14:53] chirayush_55 won  (ID: totem_of_undying, Weight: 30.0) from Abyssal Crate (ID: abyssal)
[20/03/2026 21:14:53] chirayush_55 won  (ID: netherite_leggings, Weight: 0.4) from Abyssal Crate (ID: abyssal)
[20/03/2026 21:14:53] chirayush_55 won ☄ SPIIIT ☄ (ID: _spiiit_, Weight: 40.0) from Abyssal Crate (ID: abyssal)
[20/03/2026 21:14:53] chirayush_55 won ☄ SPIIIT ☄ (ID: _spiiit_, Weight: 40.0) from Abyssal Crate (ID: abyssal)
[20/03/2026 21:14:53] chirayush_55 won ☄ SPIIIT ☄ (ID: _spiiit_, Weight: 40.0) from Abyssal Crate (ID: abyssal)
[20/03/2026 21:14:53] chirayush_55 won  (ID: totem_of_undying, Weight: 30.0) from Abyssal Crate (ID: abyssal)
[20/03/2026 21:14:53] chirayush_55 won  (ID: netherite_helmet, Weight: 0.9) from Abyssal Crate (ID: abyssal)
[20/03/2026 21:15:26] chirayush_55 won  (ID: totem_of_undying, Weight: 30.0) from Abyssal Crate (ID: abyssal)
[20/03/2026 21:15:26] chirayush_55 won ☄ SPIIIT ☄ (ID: _spiiit_, Weight: 40.0) from Abyssal Crate (ID: abyssal)
[20/03/2026 21:15:26] chirayush_55 won ☄ SPIIIT ☄ (ID: _spiiit_, Weight: 40.0) from Abyssal Crate (ID: abyssal)
[20/03/2026 21:15:26] chirayush_55 won  (ID: netherite_helmet, Weight: 0.9) from Abyssal Crate (ID: abyssal)
[20/03/2026 21:15:26] chirayush_55 won  (ID: netherite_leggings, Weight: 0.4) from Abyssal Crate (ID: abyssal)
[20/03/2026 21:15:26] chirayush_55 won ☄ SPIIIT ☄ (ID: _spiiit_, Weight: 40.0) from Abyssal Crate (ID: abyssal)
[20/03/2026 21:15:26] chirayush_55 won  (ID: totem_of_undying, Weight: 30.0) from Abyssal Crate (ID: abyssal)
[20/03/2026 21:15:26] chirayush_55 won  (ID: netherite_leggings, Weight: 0.4) from Abyssal Crate (ID: abyssal)
[20/03/2026 21:15:26] chirayush_55 won  (ID: netherite_boots, Weight: 1.0) from Abyssal Crate (ID: abyssal)
[20/03/2026 21:15:26] chirayush_55 won  (ID: totem_of_undying, Weight: 30.0) from Abyssal Crate (ID: abyssal)
[20/03/2026 21:15:26] chirayush_55 won  (ID: netherite_helmet, Weight: 0.9) from Abyssal Crate (ID: abyssal)
[20/03/2026 21:15:26] chirayush_55 won >> Stun Ball << (ID: _stun_ball_, Weight: 5.0) from Abyssal Crate (ID: abyssal)
[20/03/2026 21:15:26] chirayush_55 won  (ID: totem_of_undying, Weight: 30.0) from Abyssal Crate (ID: abyssal)
[20/03/2026 21:15:26] chirayush_55 won  (ID: totem_of_undying, Weight: 30.0) from Abyssal Crate (ID: abyssal)
[20/03/2026 21:15:26] chirayush_55 won  (ID: totem_of_undying, Weight: 30.0) from Abyssal Crate (ID: abyssal)
[20/03/2026 21:15:26] chirayush_55 won >> Stun Ball << (ID: _stun_ball_, Weight: 5.0) from Abyssal Crate (ID: abyssal)
[20/03/2026 21:15:26] chirayush_55 won  (ID: netherite_helmet, Weight: 0.9) from Abyssal Crate (ID: abyssal)
[20/03/2026 21:15:26] chirayush_55 won  (ID: totem_of_undying, Weight: 30.0) from Abyssal Crate (ID: abyssal)
[20/03/2026 21:15:26] chirayush_55 won ☄ SPIIIT ☄ (ID: _spiiit_, Weight: 40.0) from Abyssal Crate (ID: abyssal)
[20/03/2026 21:15:26] chirayush_55 won ☄ SPIIIT ☄ (ID: _spiiit_, Weight: 40.0) from Abyssal Crate (ID: abyssal)
[20/03/2026 21:15:26] chirayush_55 won  (ID: totem_of_undying, Weight: 30.0) from Abyssal Crate (ID: abyssal)
[20/03/2026 21:15:26] chirayush_55 won ☄ SPIIIT ☄ (ID: _spiiit_, Weight: 40.0) from Abyssal Crate (ID: abyssal)
[20/03/2026 21:15:26] chirayush_55 won ☄ SPIIIT ☄ (ID: _spiiit_, Weight: 40.0) from Abyssal Crate (ID: abyssal)
[20/03/2026 21:15:26] chirayush_55 won  (ID: totem_of_undying, Weight: 30.0) from Abyssal Crate (ID: abyssal)
[20/03/2026 21:15:26] chirayush_55 won  (ID: netherite_boots, Weight: 1.0) from Abyssal Crate (ID: abyssal)
[20/03/2026 21:15:26] chirayush_55 won  (ID: totem_of_undying, Weight: 30.0) from Abyssal Crate (ID: abyssal)
[20/03/2026 21:15:26] chirayush_55 won ☄ SPIIIT ☄ (ID: _spiiit_, Weight: 40.0) from Abyssal Crate (ID: abyssal)
[20/03/2026 21:15:26] chirayush_55 won ☄ SPIIIT ☄ (ID: _spiiit_, Weight: 40.0) from Abyssal Crate (ID: abyssal)
[20/03/2026 21:15:26] chirayush_55 won ☄ SPIIIT ☄ (ID: _spiiit_, Weight: 40.0) from Abyssal Crate (ID: abyssal)
[20/03/2026 21:15:26] chirayush_55 won  (ID: netherite_boots, Weight: 1.0) from Abyssal Crate (ID: abyssal)
[20/03/2026 21:15:40] chirayush_55 won  (ID: netherite_helmet, Weight: 0.9) from Abyssal Crate (ID: abyssal)
[20/03/2026 21:15:40] chirayush_55 won ☄ SPIIIT ☄ (ID: _spiiit_, Weight: 40.0) from Abyssal Crate (ID: abyssal)
[20/03/2026 21:15:40] chirayush_55 won ☄ SPIIIT ☄ (ID: _spiiit_, Weight: 40.0) from Abyssal Crate (ID: abyssal)
[20/03/2026 21:15:40] chirayush_55 won ☄ SPIIIT ☄ (ID: _spiiit_, Weight: 40.0) from Abyssal Crate (ID: abyssal)
[20/03/2026 21:15:40] chirayush_55 won >> Stun Ball << (ID: _stun_ball_, Weight: 5.0) from Abyssal Crate (ID: abyssal)
[20/03/2026 21:15:40] chirayush_55 won ☄ SPIIIT ☄ (ID: _spiiit_, Weight: 40.0) from Abyssal Crate (ID: abyssal)
[20/03/2026 21:15:40] chirayush_55 won  (ID: netherite_boots, Weight: 1.0) from Abyssal Crate (ID: abyssal)
[20/03/2026 21:15:40] chirayush_55 won ☄ SPIIIT ☄ (ID: _spiiit_, Weight: 40.0) from Abyssal Crate (ID: abyssal)
[20/03/2026 21:15:40] chirayush_55 won ☄ SPIIIT ☄ (ID: _spiiit_, Weight: 40.0) from Abyssal Crate (ID: abyssal)
[20/03/2026 21:15:40] chirayush_55 won  (ID: netherite_helmet, Weight: 0.9) from Abyssal Crate (ID: abyssal)
[20/03/2026 21:15:40] chirayush_55 won  (ID: totem_of_undying, Weight: 30.0) from Abyssal Crate (ID: abyssal)
[20/03/2026 21:15:40] chirayush_55 won ☄ SPIIIT ☄ (ID: _spiiit_, Weight: 40.0) from Abyssal Crate (ID: abyssal)
[20/03/2026 21:15:40] chirayush_55 won  (ID: netherite_helmet, Weight: 0.9) from Abyssal Crate (ID: abyssal)
[20/03/2026 21:15:40] chirayush_55 won ☄ SPIIIT ☄ (ID: _spiiit_, Weight: 40.0) from Abyssal Crate (ID: abyssal)
[20/03/2026 21:15:40] chirayush_55 won >> Stun Ball << (ID: _stun_ball_, Weight: 5.0) from Abyssal Crate (ID: abyssal)
[20/03/2026 21:15:40] chirayush_55 won  (ID: netherite_helmet, Weight: 0.9) from Abyssal Crate (ID: abyssal)
[20/03/2026 21:15:40] chirayush_55 won  (ID: netherite_boots, Weight: 1.0) from Abyssal Crate (ID: abyssal)
[20/03/2026 21:15:40] chirayush_55 won ☄ SPIIIT ☄ (ID: _spiiit_, Weight: 40.0) from Abyssal Crate (ID: abyssal)
[20/03/2026 21:15:40] chirayush_55 won  (ID: totem_of_undying, Weight: 30.0) from Abyssal Crate (ID: abyssal)
[20/03/2026 21:15:40] chirayush_55 won  (ID: totem_of_undying, Weight: 30.0) from Abyssal Crate (ID: abyssal)
[20/03/2026 21:15:40] chirayush_55 won  (ID: totem_of_undying, Weight: 30.0) from Abyssal Crate (ID: abyssal)
[20/03/2026 21:15:40] chirayush_55 won >> Stun Ball << (ID: _stun_ball_, Weight: 5.0) from Abyssal Crate (ID: abyssal)
[20/03/2026 21:15:40] chirayush_55 won ☄ SPIIIT ☄ (ID: _spiiit_, Weight: 40.0) from Abyssal Crate (ID: abyssal)
[20/03/2026 21:15:40] chirayush_55 won ☄ SPIIIT ☄ (ID: _spiiit_, Weight: 40.0) from Abyssal Crate (ID: abyssal)
[20/03/2026 21:15:40] chirayush_55 won ☄ SPIIIT ☄ (ID: _spiiit_, Weight: 40.0) from Abyssal Crate (ID: abyssal)
[20/03/2026 21:15:40] chirayush_55 won >> Stun Ball << (ID: _stun_ball_, Weight: 5.0) from Abyssal Crate (ID: abyssal)
[20/03/2026 21:15:40] chirayush_55 won  (ID: totem_of_undying, Weight: 30.0) from Abyssal Crate (ID: abyssal)
[20/03/2026 21:15:40] chirayush_55 won ☄ SPIIIT ☄ (ID: _spiiit_, Weight: 40.0) from Abyssal Crate (ID: abyssal)
[20/03/2026 21:15:40] chirayush_55 won ☄ SPIIIT ☄ (ID: _spiiit_, Weight: 40.0) from Abyssal Crate (ID: abyssal)
[20/03/2026 21:15:40] chirayush_55 won ☄ SPIIIT ☄ (ID: _spiiit_, Weight: 40.0) from Abyssal Crate (ID: abyssal)
[20/03/2026 21:30:01] chirayush_55 won  (ID: totem_of_undying, Weight: 30.0) from Abyssal Crate (ID: abyssal)
[20/03/2026 21:30:01] chirayush_55 won ☄ SPIIIT ☄ (ID: _spiiit_, Weight: 40.0) from Abyssal Crate (ID: abyssal)
[20/03/2026 21:30:01] chirayush_55 won  (ID: netherite_boots, Weight: 1.0) from Abyssal Crate (ID: abyssal)
[20/03/2026 21:30:01] chirayush_55 won ☄ SPIIIT ☄ (ID: _spiiit_, Weight: 40.0) from Abyssal Crate (ID: abyssal)
[20/03/2026 21:30:01] chirayush_55 won  (ID: totem_of_undying, Weight: 30.0) from Abyssal Crate (ID: abyssal)
[20/03/2026 21:30:01] chirayush_55 won  (ID: netherite_helmet, Weight: 0.9) from Abyssal Crate (ID: abyssal)
[20/03/2026 21:30:01] chirayush_55 won  (ID: totem_of_undying, Weight: 30.0) from Abyssal Crate (ID: abyssal)
[20/03/2026 21:30:01] chirayush_55 won  (ID: totem_of_undying, Weight: 30.0) from Abyssal Crate (ID: abyssal)
[20/03/2026 21:30:01] chirayush_55 won >> Stun Ball << (ID: _stun_ball_, Weight: 5.0) from Abyssal Crate (ID: abyssal)
[20/03/2026 21:30:01] chirayush_55 won ☄ SPIIIT ☄ (ID: _spiiit_, Weight: 40.0) from Abyssal Crate (ID: abyssal)
[20/03/2026 21:30:01] chirayush_55 won  (ID: netherite_helmet, Weight: 0.9) from Abyssal Crate (ID: abyssal)
[20/03/2026 21:30:01] chirayush_55 won >> Stun Ball << (ID: _stun_ball_, Weight: 5.0) from Abyssal Crate (ID: abyssal)
[20/03/2026 21:30:01] chirayush_55 won >> Stun Ball << (ID: _stun_ball_, Weight: 5.0) from Abyssal Crate (ID: abyssal)
[20/03/2026 21:30:01] chirayush_55 won  (ID: netherite_boots, Weight: 1.0) from Abyssal Crate (ID: abyssal)
[20/03/2026 21:30:01] chirayush_55 won ☄ SPIIIT ☄ (ID: _spiiit_, Weight: 40.0) from Abyssal Crate (ID: abyssal)
[20/03/2026 21:30:01] chirayush_55 won ☄ SPIIIT ☄ (ID: _spiiit_, Weight: 40.0) from Abyssal Crate (ID: abyssal)
[20/03/2026 21:30:01] chirayush_55 won ☄ SPIIIT ☄ (ID: _spiiit_, Weight: 40.0) from Abyssal Crate (ID: abyssal)
[20/03/2026 21:30:01] chirayush_55 won  (ID: totem_of_undying, Weight: 30.0) from Abyssal Crate (ID: abyssal)
[20/03/2026 21:30:01] chirayush_55 won ☄ SPIIIT ☄ (ID: _spiiit_, Weight: 40.0) from Abyssal Crate (ID: abyssal)
[20/03/2026 21:30:01] chirayush_55 won  (ID: netherite_helmet, Weight: 0.9) from Abyssal Crate (ID: abyssal)
[20/03/2026 21:30:01] chirayush_55 won ☄ SPIIIT ☄ (ID: _spiiit_, Weight: 40.0) from Abyssal Crate (ID: abyssal)
[20/03/2026 21:30:01] chirayush_55 won ☄ SPIIIT ☄ (ID: _spiiit_, Weight: 40.0) from Abyssal Crate (ID: abyssal)
[20/03/2026 21:30:01] chirayush_55 won ☄ SPIIIT ☄ (ID: _spiiit_, Weight: 40.0) from Abyssal Crate (ID: abyssal)
[20/03/2026 21:30:01] chirayush_55 won  (ID: totem_of_undying, Weight: 30.0) from Abyssal Crate (ID: abyssal)
[20/03/2026 21:30:01] chirayush_55 won  (ID: netherite_helmet, Weight: 0.9) from Abyssal Crate (ID: abyssal)
[20/03/2026 21:30:01] chirayush_55 won ☄ SPIIIT ☄ (ID: _spiiit_, Weight: 40.0) from Abyssal Crate (ID: abyssal)
[20/03/2026 21:30:01] chirayush_55 won  (ID: totem_of_undying, Weight: 30.0) from Abyssal Crate (ID: abyssal)
[20/03/2026 21:30:01] chirayush_55 won  (ID: totem_of_undying, Weight: 30.0) from Abyssal Crate (ID: abyssal)
[20/03/2026 21:30:01] chirayush_55 won  (ID: netherite_leggings, Weight: 0.4) from Abyssal Crate (ID: abyssal)
[20/03/2026 21:30:36] chirayush_55 won  (ID: netherite_leggings, Weight: 0.4) from Abyssal Crate (ID: abyssal)
[20/03/2026 21:30:49] chirayush_55 won  (ID: netherite_boots, Weight: 1.0) from Abyssal Crate (ID: abyssal)
[20/03/2026 21:30:50] chirayush_55 won ☄ SPIIIT ☄ (ID: _spiiit_, Weight: 40.0) from Abyssal Crate (ID: abyssal)
[20/03/2026 21:30:50] chirayush_55 won  (ID: totem_of_undying, Weight: 30.0) from Abyssal Crate (ID: abyssal)
[20/03/2026 21:30:50] chirayush_55 won  (ID: netherite_leggings, Weight: 0.4) from Abyssal Crate (ID: abyssal)
[20/03/2026 21:30:50] chirayush_55 won  (ID: netherite_helmet, Weight: 0.9) from Abyssal Crate (ID: abyssal)
[20/03/2026 21:30:50] chirayush_55 won  (ID: totem_of_undying, Weight: 30.0) from Abyssal Crate (ID: abyssal)
[20/03/2026 21:30:50] chirayush_55 won ☄ SPIIIT ☄ (ID: _spiiit_, Weight: 40.0) from Abyssal Crate (ID: abyssal)
[20/03/2026 21:30:50] chirayush_55 won ☄ SPIIIT ☄ (ID: _spiiit_, Weight: 40.0) from Abyssal Crate (ID: abyssal)
[20/03/2026 21:30:50] chirayush_55 won  (ID: totem_of_undying, Weight: 30.0) from Abyssal Crate (ID: abyssal)
[20/03/2026 21:30:50] chirayush_55 won  (ID: netherite_helmet, Weight: 0.9) from Abyssal Crate (ID: abyssal)
[20/03/2026 21:30:50] chirayush_55 won  (ID: netherite_leggings, Weight: 0.4) from Abyssal Crate (ID: abyssal)
[20/03/2026 21:30:50] chirayush_55 won ☄ SPIIIT ☄ (ID: _spiiit_, Weight: 40.0) from Abyssal Crate (ID: abyssal)
[20/03/2026 21:30:50] chirayush_55 won  (ID: totem_of_undying, Weight: 30.0) from Abyssal Crate (ID: abyssal)
[20/03/2026 21:30:50] chirayush_55 won  (ID: totem_of_undying, Weight: 30.0) from Abyssal Crate (ID: abyssal)
[20/03/2026 21:30:50] chirayush_55 won ☄ SPIIIT ☄ (ID: _spiiit_, Weight: 40.0) from Abyssal Crate (ID: abyssal)
[20/03/2026 21:30:50] chirayush_55 won ☄ SPIIIT ☄ (ID: _spiiit_, Weight: 40.0) from Abyssal Crate (ID: abyssal)
[20/03/2026 21:30:50] chirayush_55 won  (ID: totem_of_undying, Weight: 30.0) from Abyssal Crate (ID: abyssal)
[20/03/2026 21:30:50] chirayush_55 won ☄ SPIIIT ☄ (ID: _spiiit_, Weight: 40.0) from Abyssal Crate (ID: abyssal)
[20/03/2026 21:30:50] chirayush_55 won  (ID: totem_of_undying, Weight: 30.0) from Abyssal Crate (ID: abyssal)
[20/03/2026 21:30:50] chirayush_55 won >> Stun Ball << (ID: _stun_ball_, Weight: 5.0) from Abyssal Crate (ID: abyssal)
[20/03/2026 21:30:50] chirayush_55 won  (ID: netherite_helmet, Weight: 0.9) from Abyssal Crate (ID: abyssal)
[20/03/2026 21:30:50] chirayush_55 won >> Stun Ball << (ID: _stun_ball_, Weight: 5.0) from Abyssal Crate (ID: abyssal)
[20/03/2026 21:30:50] chirayush_55 won  (ID: totem_of_undying, Weight: 30.0) from Abyssal Crate (ID: abyssal)
[20/03/2026 21:30:50] chirayush_55 won  (ID: totem_of_undying, Weight: 30.0) from Abyssal Crate (ID: abyssal)
[20/03/2026 21:30:50] chirayush_55 won  (ID: totem_of_undying, Weight: 30.0) from Abyssal Crate (ID: abyssal)
[20/03/2026 21:30:50] chirayush_55 won  (ID: totem_of_undying, Weight: 30.0) from Abyssal Crate (ID: abyssal)
[20/03/2026 21:30:50] chirayush_55 won  (ID: netherite_helmet, Weight: 0.9) from Abyssal Crate (ID: abyssal)
[20/03/2026 21:30:50] chirayush_55 won ☄ SPIIIT ☄ (ID: _spiiit_, Weight: 40.0) from Abyssal Crate (ID: abyssal)
[20/03/2026 21:30:50] chirayush_55 won ☄ SPIIIT ☄ (ID: _spiiit_, Weight: 40.0) from Abyssal Crate (ID: abyssal)
[20/03/2026 21:30:50] chirayush_55 won ☄ SPIIIT ☄ (ID: _spiiit_, Weight: 40.0) from Abyssal Crate (ID: abyssal)
[20/03/2026 21:30:50] chirayush_55 won  (ID: totem_of_undying, Weight: 30.0) from Abyssal Crate (ID: abyssal)
[21/03/2026 15:36:05] Harshit_yyy won  (ID: ominous_bottle, Weight: 2.0) from Honeycomb Crate (ID: honeycomb)
[21/03/2026 15:36:08] Harshit_yyy won  (ID: golden_apple, Weight: 5.0) from Honeycomb Crate (ID: honeycomb)
[21/03/2026 15:36:08] Harshit_yyy won  (ID: tnt, Weight: 5.0) from Honeycomb Crate (ID: honeycomb)
[21/03/2026 15:36:08] Harshit_yyy won  (ID: golden_apple, Weight: 5.0) from Honeycomb Crate (ID: honeycomb)
[21/03/2026 15:36:08] Harshit_yyy won  (ID: suspicious_stew_2, Weight: 30.0) from Honeycomb Crate (ID: honeycomb)
[21/03/2026 15:36:08] Harshit_yyy won  (ID: firework_rocket, Weight: 30.0) from Honeycomb Crate (ID: honeycomb)
[21/03/2026 15:36:08] Harshit_yyy won  (ID: ominous_bottle, Weight: 2.0) from Honeycomb Crate (ID: honeycomb)
[21/03/2026 15:36:08] Harshit_yyy won  (ID: suspicious_stew_2, Weight: 30.0) from Honeycomb Crate (ID: honeycomb)
[21/03/2026 15:36:08] Harshit_yyy won  (ID: firework_rocket, Weight: 30.0) from Honeycomb Crate (ID: honeycomb)
[21/03/2026 15:36:08] Harshit_yyy won  (ID: end_crystal, Weight: 3.0) from Honeycomb Crate (ID: honeycomb)
[21/03/2026 15:36:08] Harshit_yyy won  (ID: golden_hoe, Weight: 10.0) from Honeycomb Crate (ID: honeycomb)
[21/03/2026 15:36:08] Harshit_yyy won  (ID: suspicious_stew_1, Weight: 30.0) from Honeycomb Crate (ID: honeycomb)
[21/03/2026 15:36:08] Harshit_yyy won  (ID: suspicious_stew, Weight: 30.0) from Honeycomb Crate (ID: honeycomb)
[21/03/2026 15:36:08] Harshit_yyy won  (ID: suspicious_stew_2, Weight: 30.0) from Honeycomb Crate (ID: honeycomb)
[21/03/2026 15:36:08] Harshit_yyy won  (ID: golden_pickaxe, Weight: 10.0) from Honeycomb Crate (ID: honeycomb)
[21/03/2026 15:36:08] Harshit_yyy won  (ID: suspicious_stew_1, Weight: 30.0) from Honeycomb Crate (ID: honeycomb)
[21/03/2026 15:36:08] Harshit_yyy won  (ID: golden_pickaxe, Weight: 10.0) from Honeycomb Crate (ID: honeycomb)
[21/03/2026 15:36:08] Harshit_yyy won  (ID: golden_apple, Weight: 5.0) from Honeycomb Crate (ID: honeycomb)
[21/03/2026 15:36:08] Harshit_yyy won  (ID: suspicious_stew_2, Weight: 30.0) from Honeycomb Crate (ID: honeycomb)
[21/03/2026 15:36:08] Harshit_yyy won  (ID: suspicious_stew_2, Weight: 30.0) from Honeycomb Crate (ID: honeycomb)
[21/03/2026 15:36:08] Harshit_yyy won  (ID: golden_pickaxe, Weight: 10.0) from Honeycomb Crate (ID: honeycomb)
[21/03/2026 15:36:08] Harshit_yyy won  (ID: tnt, Weight: 5.0) from Honeycomb Crate (ID: honeycomb)
[21/03/2026 15:36:08] Harshit_yyy won  (ID: firework_rocket, Weight: 30.0) from Honeycomb Crate (ID: honeycomb)
[21/03/2026 15:36:08] Harshit_yyy won  (ID: firework_rocket, Weight: 30.0) from Honeycomb Crate (ID: honeycomb)
[21/03/2026 15:36:08] Harshit_yyy won  (ID: suspicious_stew, Weight: 30.0) from Honeycomb Crate (ID: honeycomb)
[21/03/2026 15:36:08] Harshit_yyy won  (ID: suspicious_stew, Weight: 30.0) from Honeycomb Crate (ID: honeycomb)
[21/03/2026 15:36:08] Harshit_yyy won  (ID: suspicious_stew_1, Weight: 30.0) from Honeycomb Crate (ID: honeycomb)
[21/03/2026 15:36:08] Harshit_yyy won  (ID: wind_charge, Weight: 8.0) from Honeycomb Crate (ID: honeycomb)
[21/03/2026 15:36:08] Harshit_yyy won  (ID: wind_charge, Weight: 8.0) from Honeycomb Crate (ID: honeycomb)
[21/03/2026 15:36:08] Harshit_yyy won  (ID: golden_apple, Weight: 5.0) from Honeycomb Crate (ID: honeycomb)
[21/03/2026 15:36:08] Harshit_yyy won  (ID: wind_charge, Weight: 8.0) from Honeycomb Crate (ID: honeycomb)
[21/03/2026 15:36:12] Harshit_yyy won  (ID: golden_apple, Weight: 5.0) from Honeycomb Crate (ID: honeycomb)
[21/03/2026 15:36:12] Harshit_yyy won  (ID: suspicious_stew_1, Weight: 30.0) from Honeycomb Crate (ID: honeycomb)
[21/03/2026 15:36:12] Harshit_yyy won  (ID: end_crystal, Weight: 3.0) from Honeycomb Crate (ID: honeycomb)
[21/03/2026 15:36:12] Harshit_yyy won  (ID: suspicious_stew_2, Weight: 30.0) from Honeycomb Crate (ID: honeycomb)
[21/03/2026 15:36:12] Harshit_yyy won  (ID: suspicious_stew_2, Weight: 30.0) from Honeycomb Crate (ID: honeycomb)
[21/03/2026 15:36:12] Harshit_yyy won  (ID: golden_pickaxe, Weight: 10.0) from Honeycomb Crate (ID: honeycomb)
[21/03/2026 15:36:12] Harshit_yyy won  (ID: golden_apple, Weight: 5.0) from Honeycomb Crate (ID: honeycomb)
[21/03/2026 15:36:12] Harshit_yyy won  (ID: suspicious_stew, Weight: 30.0) from Honeycomb Crate (ID: honeycomb)
[21/03/2026 15:36:12] Harshit_yyy won  (ID: wind_charge, Weight: 8.0) from Honeycomb Crate (ID: honeycomb)
[21/03/2026 15:36:13] Harshit_yyy won  (ID: golden_pickaxe, Weight: 10.0) from Honeycomb Crate (ID: honeycomb)
[21/03/2026 15:36:13] Harshit_yyy won  (ID: suspicious_stew, Weight: 30.0) from Honeycomb Crate (ID: honeycomb)
[21/03/2026 15:36:13] Harshit_yyy won  (ID: golden_apple, Weight: 5.0) from Honeycomb Crate (ID: honeycomb)
[21/03/2026 15:36:13] Harshit_yyy won  (ID: suspicious_stew_1, Weight: 30.0) from Honeycomb Crate (ID: honeycomb)
[21/03/2026 15:36:13] Harshit_yyy won  (ID: firework_rocket, Weight: 30.0) from Honeycomb Crate (ID: honeycomb)
[21/03/2026 15:36:13] Harshit_yyy won  (ID: end_crystal, Weight: 3.0) from Honeycomb Crate (ID: honeycomb)
[21/03/2026 15:36:13] Harshit_yyy won  (ID: wind_charge, Weight: 8.0) from Honeycomb Crate (ID: honeycomb)
[21/03/2026 15:36:13] Harshit_yyy won  (ID: wind_charge, Weight: 8.0) from Honeycomb Crate (ID: honeycomb)
[21/03/2026 15:36:13] Harshit_yyy won  (ID: firework_rocket, Weight: 30.0) from Honeycomb Crate (ID: honeycomb)
[21/03/2026 15:36:13] Harshit_yyy won  (ID: ominous_bottle, Weight: 2.0) from Honeycomb Crate (ID: honeycomb)
[21/03/2026 15:36:13] Harshit_yyy won  (ID: golden_hoe, Weight: 10.0) from Honeycomb Crate (ID: honeycomb)
[21/03/2026 15:36:13] Harshit_yyy won  (ID: wind_charge, Weight: 8.0) from Honeycomb Crate (ID: honeycomb)
[21/03/2026 15:36:13] Harshit_yyy won  (ID: suspicious_stew_2, Weight: 30.0) from Honeycomb Crate (ID: honeycomb)
[21/03/2026 15:36:37] Harshit_yyy won  (ID: suspicious_stew_1, Weight: 30.0) from Honeycomb Crate (ID: honeycomb)
[21/03/2026 15:36:37] Harshit_yyy won  (ID: suspicious_stew_1, Weight: 30.0) from Honeycomb Crate (ID: honeycomb)
[21/03/2026 15:36:37] Harshit_yyy won  (ID: suspicious_stew, Weight: 30.0) from Honeycomb Crate (ID: honeycomb)
[21/03/2026 15:36:37] Harshit_yyy won  (ID: suspicious_stew, Weight: 30.0) from Honeycomb Crate (ID: honeycomb)
[21/03/2026 15:36:37] Harshit_yyy won  (ID: suspicious_stew, Weight: 30.0) from Honeycomb Crate (ID: honeycomb)
[21/03/2026 15:36:37] Harshit_yyy won  (ID: suspicious_stew, Weight: 30.0) from Honeycomb Crate (ID: honeycomb)
[21/03/2026 15:36:37] Harshit_yyy won  (ID: wind_charge, Weight: 8.0) from Honeycomb Crate (ID: honeycomb)
[21/03/2026 15:36:37] Harshit_yyy won  (ID: wind_charge, Weight: 8.0) from Honeycomb Crate (ID: honeycomb)
[21/03/2026 15:36:37] Harshit_yyy won  (ID: firework_rocket, Weight: 30.0) from Honeycomb Crate (ID: honeycomb)
[21/03/2026 15:36:37] Harshit_yyy won  (ID: suspicious_stew_1, Weight: 30.0) from Honeycomb Crate (ID: honeycomb)
[21/03/2026 15:36:37] Harshit_yyy won  (ID: suspicious_stew_2, Weight: 30.0) from Honeycomb Crate (ID: honeycomb)
[21/03/2026 15:36:37] Harshit_yyy won  (ID: golden_apple, Weight: 5.0) from Honeycomb Crate (ID: honeycomb)
[21/03/2026 15:36:37] Harshit_yyy won  (ID: suspicious_stew, Weight: 30.0) from Honeycomb Crate (ID: honeycomb)
[21/03/2026 15:36:37] Harshit_yyy won  (ID: suspicious_stew_2, Weight: 30.0) from Honeycomb Crate (ID: honeycomb)
[21/03/2026 15:36:37] Harshit_yyy won  (ID: wind_charge, Weight: 8.0) from Honeycomb Crate (ID: honeycomb)
[21/03/2026 15:36:37] Harshit_yyy won  (ID: suspicious_stew, Weight: 30.0) from Honeycomb Crate (ID: honeycomb)
[21/03/2026 15:36:37] Harshit_yyy won  (ID: suspicious_stew_1, Weight: 30.0) from Honeycomb Crate (ID: honeycomb)
[21/03/2026 15:36:37] Harshit_yyy won  (ID: wind_charge, Weight: 8.0) from Honeycomb Crate (ID: honeycomb)
[21/03/2026 15:36:37] Harshit_yyy won  (ID: golden_axe, Weight: 10.0) from Honeycomb Crate (ID: honeycomb)
[21/03/2026 15:36:37] Harshit_yyy won  (ID: firework_rocket, Weight: 30.0) from Honeycomb Crate (ID: honeycomb)
[21/03/2026 15:36:37] Harshit_yyy won  (ID: end_crystal, Weight: 3.0) from Honeycomb Crate (ID: honeycomb)
[21/03/2026 15:36:37] Harshit_yyy won  (ID: tnt, Weight: 5.0) from Honeycomb Crate (ID: honeycomb)
[21/03/2026 15:36:37] Harshit_yyy won  (ID: suspicious_stew_1, Weight: 30.0) from Honeycomb Crate (ID: honeycomb)
[21/03/2026 15:36:37] Harshit_yyy won  (ID: suspicious_stew_1, Weight: 30.0) from Honeycomb Crate (ID: honeycomb)
[21/03/2026 15:36:37] Harshit_yyy won  (ID: suspicious_stew, Weight: 30.0) from Honeycomb Crate (ID: honeycomb)
[21/03/2026 15:36:37] Harshit_yyy won  (ID: suspicious_stew_1, Weight: 30.0) from Honeycomb Crate (ID: honeycomb)
[21/03/2026 15:36:37] Harshit_yyy won  (ID: totem_of_undying, Weight: 0.09) from Honeycomb Crate (ID: honeycomb)
[21/03/2026 15:36:37] Harshit_yyy won  (ID: end_crystal, Weight: 3.0) from Honeycomb Crate (ID: honeycomb)
[21/03/2026 15:36:37] Harshit_yyy won  (ID: golden_apple, Weight: 5.0) from Honeycomb Crate (ID: honeycomb)
[21/03/2026 15:36:37] Harshit_yyy won  (ID: suspicious_stew, Weight: 30.0) from Honeycomb Crate (ID: honeycomb)
[21/03/2026 15:36:45] Harshit_yyy won  (ID: wind_charge, Weight: 8.0) from Honeycomb Crate (ID: honeycomb)
[21/03/2026 15:36:45] Harshit_yyy won  (ID: tnt, Weight: 5.0) from Honeycomb Crate (ID: honeycomb)
[21/03/2026 15:36:45] Harshit_yyy won  (ID: suspicious_stew, Weight: 30.0) from Honeycomb Crate (ID: honeycomb)
[21/03/2026 15:36:46] Harshit_yyy won  (ID: suspicious_stew_2, Weight: 30.0) from Honeycomb Crate (ID: honeycomb)
[21/03/2026 15:36:46] Harshit_yyy won  (ID: golden_pickaxe, Weight: 10.0) from Honeycomb Crate (ID: honeycomb)
[21/03/2026 15:36:46] Harshit_yyy won  (ID: suspicious_stew, Weight: 30.0) from Honeycomb Crate (ID: honeycomb)
[21/03/2026 15:36:46] Harshit_yyy won  (ID: golden_hoe, Weight: 10.0) from Honeycomb Crate (ID: honeycomb)
[21/03/2026 15:36:46] Harshit_yyy won  (ID: firework_rocket, Weight: 30.0) from Honeycomb Crate (ID: honeycomb)
[21/03/2026 15:36:46] Harshit_yyy won  (ID: suspicious_stew_2, Weight: 30.0) from Honeycomb Crate (ID: honeycomb)
[21/03/2026 15:36:46] Harshit_yyy won  (ID: firework_rocket, Weight: 30.0) from Honeycomb Crate (ID: honeycomb)
[21/03/2026 15:36:46] Harshit_yyy won  (ID: ominous_bottle, Weight: 2.0) from Honeycomb Crate (ID: honeycomb)
[21/03/2026 15:36:46] Harshit_yyy won  (ID: suspicious_stew, Weight: 30.0) from Honeycomb Crate (ID: honeycomb)
[21/03/2026 15:36:46] Harshit_yyy won  (ID: golden_axe, Weight: 10.0) from Honeycomb Crate (ID: honeycomb)
[21/03/2026 15:36:46] Harshit_yyy won  (ID: suspicious_stew_1, Weight: 30.0) from Honeycomb Crate (ID: honeycomb)
[21/03/2026 15:36:46] Harshit_yyy won  (ID: suspicious_stew_2, Weight: 30.0) from Honeycomb Crate (ID: honeycomb)
[21/03/2026 15:36:46] Harshit_yyy won  (ID: ominous_bottle, Weight: 2.0) from Honeycomb Crate (ID: honeycomb)
[21/03/2026 15:36:46] Harshit_yyy won  (ID: firework_rocket, Weight: 30.0) from Honeycomb Crate (ID: honeycomb)
[21/03/2026 15:36:46] Harshit_yyy won  (ID: wind_charge, Weight: 8.0) from Honeycomb Crate (ID: honeycomb)
[21/03/2026 15:36:46] Harshit_yyy won  (ID: golden_hoe, Weight: 10.0) from Honeycomb Crate (ID: honeycomb)
[21/03/2026 15:36:46] Harshit_yyy won  (ID: wind_charge, Weight: 8.0) from Honeycomb Crate (ID: honeycomb)
[21/03/2026 15:36:46] Harshit_yyy won  (ID: ominous_bottle, Weight: 2.0) from Honeycomb Crate (ID: honeycomb)
[21/03/2026 15:36:46] Harshit_yyy won  (ID: wind_charge, Weight: 8.0) from Honeycomb Crate (ID: honeycomb)
[21/03/2026 15:36:46] Harshit_yyy won  (ID: suspicious_stew_1, Weight: 30.0) from Honeycomb Crate (ID: honeycomb)
[21/03/2026 15:36:46] Harshit_yyy won  (ID: suspicious_stew_1, Weight: 30.0) from Honeycomb Crate (ID: honeycomb)
[21/03/2026 15:36:46] Harshit_yyy won  (ID: golden_axe, Weight: 10.0) from Honeycomb Crate (ID: honeycomb)
[21/03/2026 15:36:46] Harshit_yyy won  (ID: golden_pickaxe, Weight: 10.0) from Honeycomb Crate (ID: honeycomb)
[21/03/2026 15:36:46] Harshit_yyy won  (ID: suspicious_stew_2, Weight: 30.0) from Honeycomb Crate (ID: honeycomb)
[21/03/2026 15:36:46] Harshit_yyy won  (ID: suspicious_stew, Weight: 30.0) from Honeycomb Crate (ID: honeycomb)
[21/03/2026 15:36:46] Harshit_yyy won  (ID: suspicious_stew, Weight: 30.0) from Honeycomb Crate (ID: honeycomb)
[21/03/2026 15:36:46] Harshit_yyy won  (ID: suspicious_stew, Weight: 30.0) from Honeycomb Crate (ID: honeycomb)
[21/03/2026 15:36:46] Harshit_yyy won  (ID: wind_charge, Weight: 8.0) from Honeycomb Crate (ID: honeycomb)
[21/03/2026 15:36:46] Harshit_yyy won  (ID: golden_apple, Weight: 5.0) from Honeycomb Crate (ID: honeycomb)
[21/03/2026 15:36:46] Harshit_yyy won  (ID: golden_apple, Weight: 5.0) from Honeycomb Crate (ID: honeycomb)
[21/03/2026 15:36:46] Harshit_yyy won  (ID: firework_rocket, Weight: 30.0) from Honeycomb Crate (ID: honeycomb)
[21/03/2026 15:36:46] Harshit_yyy won  (ID: golden_pickaxe, Weight: 10.0) from Honeycomb Crate (ID: honeycomb)
[21/03/2026 15:36:46] Harshit_yyy won  (ID: suspicious_stew_1, Weight: 30.0) from Honeycomb Crate (ID: honeycomb)
[21/03/2026 15:36:46] Harshit_yyy won  (ID: wind_charge, Weight: 8.0) from Honeycomb Crate (ID: honeycomb)
[21/03/2026 15:36:46] Harshit_yyy won  (ID: golden_pickaxe, Weight: 10.0) from Honeycomb Crate (ID: honeycomb)
[21/03/2026 15:36:46] Harshit_yyy won  (ID: suspicious_stew_2, Weight: 30.0) from Honeycomb Crate (ID: honeycomb)
[21/03/2026 15:36:46] Harshit_yyy won  (ID: firework_rocket, Weight: 30.0) from Honeycomb Crate (ID: honeycomb)
[21/03/2026 15:36:46] Harshit_yyy won  (ID: wind_charge, Weight: 8.0) from Honeycomb Crate (ID: honeycomb)
[21/03/2026 15:36:46] Harshit_yyy won  (ID: firework_rocket, Weight: 30.0) from Honeycomb Crate (ID: honeycomb)
[21/03/2026 15:36:46] Harshit_yyy won  (ID: ominous_bottle, Weight: 2.0) from Honeycomb Crate (ID: honeycomb)
[21/03/2026 15:36:46] Harshit_yyy won  (ID: end_crystal, Weight: 3.0) from Honeycomb Crate (ID: honeycomb)
[21/03/2026 15:36:46] Harshit_yyy won  (ID: ominous_bottle, Weight: 2.0) from Honeycomb Crate (ID: honeycomb)
[21/03/2026 15:36:46] Harshit_yyy won  (ID: suspicious_stew_2, Weight: 30.0) from Honeycomb Crate (ID: honeycomb)
[21/03/2026 15:36:46] Harshit_yyy won  (ID: suspicious_stew, Weight: 30.0) from Honeycomb Crate (ID: honeycomb)
[21/03/2026 15:36:46] Harshit_yyy won  (ID: golden_apple, Weight: 5.0) from Honeycomb Crate (ID: honeycomb)
[21/03/2026 15:36:46] Harshit_yyy won  (ID: suspicious_stew_1, Weight: 30.0) from Honeycomb Crate (ID: honeycomb)
[21/03/2026 15:36:46] Harshit_yyy won  (ID: firework_rocket, Weight: 30.0) from Honeycomb Crate (ID: honeycomb)
[21/03/2026 15:36:46] Harshit_yyy won  (ID: suspicious_stew_2, Weight: 30.0) from Honeycomb Crate (ID: honeycomb)
[22/03/2026 12:54:12] Charon_VV won ☄ SPIIIT ☄ (ID: _spiiit_, Weight: 40.0) from Abyssal Crate (ID: abyssal)
[22/03/2026 12:54:12] Charon_VV won  (ID: netherite_leggings, Weight: 0.4) from Abyssal Crate (ID: abyssal)
[22/03/2026 12:54:12] Charon_VV won  (ID: netherite_helmet, Weight: 0.9) from Abyssal Crate (ID: abyssal)
